[Tue May 24 15:46:24 2022]starts experiments setting base_single_100_loss
=> creating model ...
SiameseNetwork(
  (fc1): Sequential(
    (0): Linear(in_features=5, out_features=32, bias=True)
    (1): BatchNorm1d(32, eps=1e-05, momentum=0.1, affine=True, track_running_stats=True)
    (2): ReLU(inplace=True)
    (3): Linear(in_features=32, out_features=32, bias=True)
    (4): BatchNorm1d(32, eps=1e-05, momentum=0.1, affine=True, track_running_stats=True)
    (5): ReLU(inplace=True)
    (6): Linear(in_features=32, out_features=5, bias=True)
  )
  (fc2): Sequential(
    (0): Linear(in_features=10, out_features=10, bias=True)
    (1): BatchNorm1d(10, eps=1e-05, momentum=0.1, affine=True, track_running_stats=True)
    (2): ReLU(inplace=True)
    (3): Linear(in_features=10, out_features=1, bias=True)
  )
)
SYS:
  EXP_NAME: base_single_100_loss
  OUTPUT_DIR: results/base_single_100_loss/
  GPUS: 0
  WORKERS: 8
  PIN_MEMORY: True
  LOCAL_RANK: 
TRAIN:
  RESUME: 
  START_EPOCH: 1
  END_EPOCH: 100
  BATCH_SIZE: 256
  SEED: 8967
  CUDNN:
    BENCHMARK: True
    DETERMINISTIC: False
    ENABLED: True
  OPT:
    LR: 0.01
    NAME: Adam
    MOMENTUM: 0.9
  PRINT_FREQ: 50
  BATCH_SIZE_VAL: 16
MODEL:
  NAME: fullmodel
  BB_PRETRAINED: 
  FREEZE_BN: 
  NBB_KEYWORDS: []
  LATERAL_CONNECTION: True
  POSITION_ENCODING: False
  SEG:
    NAME: ctx48
    FREEZE: True
    WEIGHT_PATH: models/ctx48_7795.pth.tar
    LATTERAL: [48, 64, 80, 96, 112]
  DEPTH:
    NAME: depth
    CH:
      BB: [3, 18, 36]
      BASE: [36, 72, 120, 180, 252]
      SELF_CTX: [54, 72, 90, 108, 126]
      SEG_CTX: [18, 24, 30, 36, 42]
      GLOB_CTX: [36, 48, 60, 72, 84]
      LATTERAL: [72, 120, 180, 252, 336]
  POSE:
    NAME: pose
    CH:
      BB: [6, 12, 24]
      BASE: [24, 48, 80, 120, 168, 224, 288]
      SELF_CTX: [24, 32, 40, 48, 56, 64]
DATA:
  SET: kittiDataset
  SPLIT: eigen_zhou
  ROOT: 
  TRAIN_SPLIT: train
  VAL_SPLIT: val
  TEST_SPLIT: test
  FRAME_IDS: [0, -1, 1, 's']
  STEREO_OPTION: True
  SHUFFLE: False
  DROP_LAST: True
  HEIGHT: 320
  WIDTH: 1024
  MIN_DEPTH: 0.1
  MAX_DEPTH: 100
  AUG:
    BRIGHTNESS: [0.8, 1.2]
    CONTRAST: [0.8, 1.2]
    SATURATION: [0.8, 1.2]
    HUE: [-0.1, 0.1]
LOSS:
  DISP_SMOOTH: 0.001
  METRIC: ['de/abs_rel', 'de/sq_rel', 'de/rms', 'de/log_rms', 'da/a1', 'da/a2', 'da/a3', 'silog']

starts training
Epoch: [1/100](0.08%) [50/612] Data 0.000 (0.141) Batch 0.005 (0.146) Remain 02:29:02 Loss1 0.42050698 Loss2 0.95966911 lr [0.01].

Epoch: [1/100](0.16%) [100/612] Data 0.000 (0.071) Batch 0.005 (0.075) Remain 01:16:49 Loss1 0.30352324 Loss2 0.71295524 lr [0.01].

Epoch: [1/100](0.25%) [150/612] Data 0.000 (0.047) Batch 0.005 (0.052) Remain 00:52:44 Loss1 0.14915320 Loss2 0.27230370 lr [0.01].

Epoch: [1/100](0.33%) [200/612] Data 0.000 (0.036) Batch 0.005 (0.040) Remain 00:40:41 Loss1 0.08127790 Loss2 0.14192005 lr [0.01].

Epoch: [1/100](0.41%) [250/612] Data 0.000 (0.029) Batch 0.005 (0.033) Remain 00:33:27 Loss1 0.03244219 Loss2 0.11047964 lr [0.01].

Epoch: [1/100](0.49%) [300/612] Data 0.000 (0.024) Batch 0.005 (0.028) Remain 00:28:38 Loss1 0.01517771 Loss2 0.01862062 lr [0.01].

Epoch: [1/100](0.57%) [350/612] Data 0.000 (0.020) Batch 0.004 (0.025) Remain 00:25:12 Loss1 0.01366352 Loss2 0.03288844 lr [0.01].

Epoch: [1/100](0.65%) [400/612] Data 0.000 (0.018) Batch 0.004 (0.022) Remain 00:22:37 Loss1 0.01040426 Loss2 0.01200611 lr [0.01].

Epoch: [1/100](0.74%) [450/612] Data 0.000 (0.016) Batch 0.005 (0.020) Remain 00:20:36 Loss1 0.03370432 Loss2 0.06583423 lr [0.01].

Epoch: [1/100](0.82%) [500/612] Data 0.000 (0.014) Batch 0.005 (0.019) Remain 00:19:00 Loss1 0.00706767 Loss2 0.01980441 lr [0.01].

Epoch: [1/100](0.90%) [550/612] Data 0.000 (0.013) Batch 0.005 (0.017) Remain 00:17:40 Loss1 0.02250451 Loss2 0.01781083 lr [0.01].

Epoch: [1/100](0.98%) [600/612] Data 0.000 (0.012) Batch 0.004 (0.016) Remain 00:16:34 Loss1 0.00423594 Loss2 0.00732531 lr [0.01].

Loss_train: 0.3510100817
Best loss: 0.35101008170312487  Best Epoch: 1
Epoch: [2/100](1.08%) [50/612] Data 0.000 (0.143) Batch 0.005 (0.148) Remain 02:29:09 Loss1 0.00599489 Loss2 0.00446200 lr [0.01].

Epoch: [2/100](1.16%) [100/612] Data 0.001 (0.072) Batch 0.008 (0.077) Remain 01:17:07 Loss1 0.00117208 Loss2 0.00257000 lr [0.01].

Epoch: [2/100](1.25%) [150/612] Data 0.001 (0.048) Batch 0.007 (0.054) Remain 00:54:14 Loss1 0.00233944 Loss2 0.01084730 lr [0.01].

Epoch: [2/100](1.33%) [200/612] Data 0.000 (0.036) Batch 0.005 (0.042) Remain 00:42:15 Loss1 0.00071682 Loss2 0.00283636 lr [0.01].

Epoch: [2/100](1.41%) [250/612] Data 0.000 (0.029) Batch 0.005 (0.035) Remain 00:34:56 Loss1 0.00606321 Loss2 0.00883794 lr [0.01].

Epoch: [2/100](1.49%) [300/612] Data 0.000 (0.024) Batch 0.005 (0.030) Remain 00:29:56 Loss1 0.00203205 Loss2 0.00220225 lr [0.01].

Epoch: [2/100](1.57%) [350/612] Data 0.000 (0.021) Batch 0.005 (0.026) Remain 00:26:25 Loss1 0.00326753 Loss2 0.01026194 lr [0.01].

Epoch: [2/100](1.65%) [400/612] Data 0.000 (0.018) Batch 0.005 (0.024) Remain 00:23:42 Loss1 0.01618573 Loss2 0.02467927 lr [0.01].

Epoch: [2/100](1.74%) [450/612] Data 0.000 (0.016) Batch 0.005 (0.022) Remain 00:21:34 Loss1 0.00808349 Loss2 0.00431800 lr [0.01].

Epoch: [2/100](1.82%) [500/612] Data 0.000 (0.015) Batch 0.005 (0.020) Remain 00:19:52 Loss1 0.00449617 Loss2 0.01078526 lr [0.01].

Epoch: [2/100](1.90%) [550/612] Data 0.000 (0.013) Batch 0.005 (0.018) Remain 00:18:28 Loss1 0.04691040 Loss2 0.03118694 lr [0.01].

Epoch: [2/100](1.98%) [600/612] Data 0.000 (0.012) Batch 0.005 (0.017) Remain 00:17:20 Loss1 0.00406211 Loss2 0.00340814 lr [0.01].

Loss_train: 0.0304643430
Best loss: 0.03046434303689322  Best Epoch: 2
Epoch: [3/100](2.08%) [50/612] Data 0.000 (0.149) Batch 0.005 (0.154) Remain 02:33:54 Loss1 0.00530453 Loss2 0.00317384 lr [0.01].

Epoch: [3/100](2.16%) [100/612] Data 0.000 (0.075) Batch 0.005 (0.080) Remain 01:19:22 Loss1 0.00286136 Loss2 0.00337428 lr [0.01].

Epoch: [3/100](2.25%) [150/612] Data 0.000 (0.050) Batch 0.004 (0.055) Remain 00:54:26 Loss1 0.01518211 Loss2 0.01291633 lr [0.01].

Epoch: [3/100](2.33%) [200/612] Data 0.000 (0.037) Batch 0.007 (0.042) Remain 00:42:16 Loss1 0.00074913 Loss2 0.00161682 lr [0.01].

Epoch: [3/100](2.41%) [250/612] Data 0.000 (0.030) Batch 0.005 (0.035) Remain 00:34:56 Loss1 0.00059722 Loss2 0.00033215 lr [0.01].

Epoch: [3/100](2.49%) [300/612] Data 0.000 (0.025) Batch 0.005 (0.030) Remain 00:29:56 Loss1 0.00124810 Loss2 0.00096383 lr [0.01].

Epoch: [3/100](2.57%) [350/612] Data 0.000 (0.022) Batch 0.006 (0.027) Remain 00:26:23 Loss1 0.00210969 Loss2 0.00095782 lr [0.01].

Epoch: [3/100](2.65%) [400/612] Data 0.000 (0.019) Batch 0.005 (0.024) Remain 00:23:40 Loss1 0.00105216 Loss2 0.00098572 lr [0.01].

Epoch: [3/100](2.74%) [450/612] Data 0.000 (0.017) Batch 0.005 (0.022) Remain 00:21:35 Loss1 0.00113848 Loss2 0.00114741 lr [0.01].

Epoch: [3/100](2.82%) [500/612] Data 0.001 (0.015) Batch 0.007 (0.020) Remain 00:19:57 Loss1 0.00088761 Loss2 0.00080571 lr [0.01].

Epoch: [3/100](2.90%) [550/612] Data 0.000 (0.014) Batch 0.005 (0.019) Remain 00:18:35 Loss1 0.00922588 Loss2 0.00127710 lr [0.01].

Epoch: [3/100](2.98%) [600/612] Data 0.000 (0.013) Batch 0.005 (0.018) Remain 00:17:25 Loss1 0.00087576 Loss2 0.00231335 lr [0.01].

Loss_train: 0.0063184207
Best loss: 0.006318420657229509  Best Epoch: 3
Epoch: [4/100](3.08%) [50/612] Data 0.001 (0.149) Batch 0.005 (0.153) Remain 02:31:28 Loss1 0.00763409 Loss2 0.00099586 lr [0.01].

Epoch: [4/100](3.16%) [100/612] Data 0.000 (0.074) Batch 0.005 (0.079) Remain 01:18:07 Loss1 0.00109434 Loss2 0.00056649 lr [0.01].

Epoch: [4/100](3.25%) [150/612] Data 0.001 (0.050) Batch 0.006 (0.054) Remain 00:53:42 Loss1 0.00063675 Loss2 0.00067946 lr [0.01].

Epoch: [4/100](3.33%) [200/612] Data 0.000 (0.037) Batch 0.004 (0.042) Remain 00:41:26 Loss1 0.00052032 Loss2 0.00023790 lr [0.01].

Epoch: [4/100](3.41%) [250/612] Data 0.001 (0.030) Batch 0.006 (0.035) Remain 00:34:03 Loss1 0.00225895 Loss2 0.00315842 lr [0.01].

Epoch: [4/100](3.49%) [300/612] Data 0.000 (0.025) Batch 0.004 (0.030) Remain 00:29:11 Loss1 0.00275693 Loss2 0.06031870 lr [0.01].

Epoch: [4/100](3.57%) [350/612] Data 0.000 (0.022) Batch 0.005 (0.026) Remain 00:25:41 Loss1 0.00071996 Loss2 0.00173365 lr [0.01].

Epoch: [4/100](3.65%) [400/612] Data 0.000 (0.019) Batch 0.004 (0.023) Remain 00:23:02 Loss1 0.00093890 Loss2 0.00027401 lr [0.01].

Epoch: [4/100](3.74%) [450/612] Data 0.000 (0.017) Batch 0.008 (0.021) Remain 00:20:58 Loss1 0.00081947 Loss2 0.00059487 lr [0.01].

Epoch: [4/100](3.82%) [500/612] Data 0.000 (0.015) Batch 0.005 (0.020) Remain 00:19:21 Loss1 0.00033970 Loss2 0.00013396 lr [0.01].

Epoch: [4/100](3.90%) [550/612] Data 0.000 (0.014) Batch 0.005 (0.018) Remain 00:18:00 Loss1 0.00050477 Loss2 0.00088961 lr [0.01].

Epoch: [4/100](3.98%) [600/612] Data 0.000 (0.013) Batch 0.006 (0.017) Remain 00:16:56 Loss1 0.00029868 Loss2 0.00058217 lr [0.01].

Loss_train: 0.0140617252
Best loss: 0.006318420657229509  Best Epoch: 3
Epoch: [5/100](4.08%) [50/612] Data 0.000 (0.149) Batch 0.005 (0.154) Remain 02:31:00 Loss1 0.00023343 Loss2 0.00017325 lr [0.01].

Epoch: [5/100](4.16%) [100/612] Data 0.000 (0.075) Batch 0.005 (0.080) Remain 01:17:50 Loss1 0.00017174 Loss2 0.00429335 lr [0.01].

Epoch: [5/100](4.25%) [150/612] Data 0.000 (0.050) Batch 0.005 (0.055) Remain 00:53:25 Loss1 0.01069473 Loss2 0.00407613 lr [0.01].

Epoch: [5/100](4.33%) [200/612] Data 0.000 (0.038) Batch 0.005 (0.042) Remain 00:41:09 Loss1 0.00114841 Loss2 0.00524901 lr [0.01].

Epoch: [5/100](4.41%) [250/612] Data 0.000 (0.030) Batch 0.004 (0.035) Remain 00:33:48 Loss1 0.00134506 Loss2 0.00120323 lr [0.01].

Epoch: [5/100](4.49%) [300/612] Data 0.000 (0.025) Batch 0.005 (0.030) Remain 00:28:56 Loss1 0.00039483 Loss2 0.00130179 lr [0.01].

Epoch: [5/100](4.57%) [350/612] Data 0.000 (0.022) Batch 0.005 (0.026) Remain 00:25:27 Loss1 0.00018743 Loss2 0.00024351 lr [0.01].

Epoch: [5/100](4.65%) [400/612] Data 0.000 (0.019) Batch 0.005 (0.023) Remain 00:22:50 Loss1 0.00025842 Loss2 0.00124534 lr [0.01].

Epoch: [5/100](4.74%) [450/612] Data 0.000 (0.017) Batch 0.005 (0.021) Remain 00:20:48 Loss1 0.00048446 Loss2 0.00106292 lr [0.01].

Epoch: [5/100](4.82%) [500/612] Data 0.000 (0.015) Batch 0.005 (0.020) Remain 00:19:11 Loss1 0.00051217 Loss2 0.00045583 lr [0.01].

Epoch: [5/100](4.90%) [550/612] Data 0.000 (0.014) Batch 0.005 (0.018) Remain 00:17:51 Loss1 0.00041628 Loss2 0.00053917 lr [0.01].

Epoch: [5/100](4.98%) [600/612] Data 0.000 (0.013) Batch 0.005 (0.017) Remain 00:16:44 Loss1 0.00021742 Loss2 0.00030213 lr [0.01].

Loss_train: 0.0030479693
Best loss: 0.0030479692751255926  Best Epoch: 5
Epoch: [6/100](5.08%) [50/612] Data 0.000 (0.148) Batch 0.005 (0.153) Remain 02:28:23 Loss1 0.00149164 Loss2 0.00056613 lr [0.01].

Epoch: [6/100](5.16%) [100/612] Data 0.000 (0.074) Batch 0.005 (0.079) Remain 01:16:25 Loss1 0.00018455 Loss2 0.00020466 lr [0.01].

Epoch: [6/100](5.25%) [150/612] Data 0.000 (0.050) Batch 0.005 (0.054) Remain 00:52:24 Loss1 0.00014038 Loss2 0.00005436 lr [0.01].

Epoch: [6/100](5.33%) [200/612] Data 0.000 (0.037) Batch 0.005 (0.042) Remain 00:40:24 Loss1 0.00013438 Loss2 0.00057604 lr [0.01].

Epoch: [6/100](5.41%) [250/612] Data 0.000 (0.030) Batch 0.005 (0.034) Remain 00:33:12 Loss1 0.00073156 Loss2 0.00229286 lr [0.01].

Epoch: [6/100](5.49%) [300/612] Data 0.000 (0.025) Batch 0.005 (0.029) Remain 00:28:24 Loss1 0.00010432 Loss2 0.00006673 lr [0.01].

Epoch: [6/100](5.57%) [350/612] Data 0.000 (0.021) Batch 0.005 (0.026) Remain 00:24:58 Loss1 0.00005787 Loss2 0.00011831 lr [0.01].

Epoch: [6/100](5.65%) [400/612] Data 0.000 (0.019) Batch 0.005 (0.023) Remain 00:22:25 Loss1 0.00015922 Loss2 0.00007005 lr [0.01].

Epoch: [6/100](5.74%) [450/612] Data 0.000 (0.017) Batch 0.005 (0.021) Remain 00:20:26 Loss1 0.00086115 Loss2 0.00036498 lr [0.01].

Epoch: [6/100](5.82%) [500/612] Data 0.001 (0.015) Batch 0.007 (0.020) Remain 00:18:50 Loss1 0.12912028 Loss2 0.01646044 lr [0.01].

Epoch: [6/100](5.90%) [550/612] Data 0.000 (0.014) Batch 0.005 (0.018) Remain 00:17:33 Loss1 0.00505694 Loss2 0.03555264 lr [0.01].

Epoch: [6/100](5.98%) [600/612] Data 0.000 (0.013) Batch 0.004 (0.017) Remain 00:16:29 Loss1 0.00114934 Loss2 0.00101845 lr [0.01].

Loss_train: 0.0171547966
Best loss: 0.0030479692751255926  Best Epoch: 5
Epoch: [7/100](6.08%) [50/612] Data 0.000 (0.148) Batch 0.005 (0.152) Remain 02:25:48 Loss1 0.00156169 Loss2 0.00091859 lr [0.01].

Epoch: [7/100](6.16%) [100/612] Data 0.000 (0.074) Batch 0.004 (0.078) Remain 01:15:06 Loss1 0.00117630 Loss2 0.00937348 lr [0.01].

Epoch: [7/100](6.25%) [150/612] Data 0.000 (0.049) Batch 0.016 (0.054) Remain 00:51:35 Loss1 0.00073270 Loss2 0.00006451 lr [0.01].

Epoch: [7/100](6.33%) [200/612] Data 0.000 (0.037) Batch 0.005 (0.042) Remain 00:39:47 Loss1 0.00078716 Loss2 0.00045581 lr [0.01].

Epoch: [7/100](6.41%) [250/612] Data 0.000 (0.030) Batch 0.005 (0.034) Remain 00:32:45 Loss1 0.00037411 Loss2 0.00233581 lr [0.01].

Epoch: [7/100](6.49%) [300/612] Data 0.000 (0.025) Batch 0.005 (0.029) Remain 00:28:01 Loss1 0.00033605 Loss2 0.01403281 lr [0.01].

Epoch: [7/100](6.57%) [350/612] Data 0.000 (0.021) Batch 0.005 (0.026) Remain 00:24:40 Loss1 0.00030838 Loss2 0.00017752 lr [0.01].

Epoch: [7/100](6.65%) [400/612] Data 0.000 (0.019) Batch 0.004 (0.023) Remain 00:22:12 Loss1 0.00064893 Loss2 0.00046980 lr [0.01].

Epoch: [7/100](6.74%) [450/612] Data 0.000 (0.017) Batch 0.004 (0.021) Remain 00:20:13 Loss1 0.00042810 Loss2 0.00103416 lr [0.01].

Epoch: [7/100](6.82%) [500/612] Data 0.000 (0.015) Batch 0.005 (0.020) Remain 00:18:41 Loss1 0.00049254 Loss2 0.00044960 lr [0.01].

Epoch: [7/100](6.90%) [550/612] Data 0.000 (0.014) Batch 0.005 (0.018) Remain 00:17:26 Loss1 0.00029265 Loss2 0.00008791 lr [0.01].

Epoch: [7/100](6.98%) [600/612] Data 0.001 (0.013) Batch 0.008 (0.017) Remain 00:16:24 Loss1 0.00043843 Loss2 0.00006121 lr [0.01].

Loss_train: 0.0048851967
Best loss: 0.0030479692751255926  Best Epoch: 5
Epoch: [8/100](7.08%) [50/612] Data 0.000 (0.145) Batch 0.004 (0.149) Remain 02:21:38 Loss1 0.00015287 Loss2 0.00003562 lr [0.01].

Epoch: [8/100](7.16%) [100/612] Data 0.000 (0.073) Batch 0.005 (0.077) Remain 01:12:59 Loss1 0.00011511 Loss2 0.00009405 lr [0.01].

Epoch: [8/100](7.25%) [150/612] Data 0.000 (0.049) Batch 0.005 (0.053) Remain 00:50:06 Loss1 0.00011534 Loss2 0.00006875 lr [0.01].

Epoch: [8/100](7.33%) [200/612] Data 0.000 (0.036) Batch 0.004 (0.041) Remain 00:38:39 Loss1 0.00026349 Loss2 0.00235649 lr [0.01].

Epoch: [8/100](7.41%) [250/612] Data 0.000 (0.029) Batch 0.005 (0.034) Remain 00:31:46 Loss1 0.00019287 Loss2 0.00003868 lr [0.01].

Epoch: [8/100](7.49%) [300/612] Data 0.000 (0.024) Batch 0.004 (0.029) Remain 00:27:11 Loss1 0.00013991 Loss2 0.00007731 lr [0.01].

Epoch: [8/100](7.57%) [350/612] Data 0.000 (0.021) Batch 0.005 (0.025) Remain 00:23:54 Loss1 0.00010181 Loss2 0.00005729 lr [0.01].

Epoch: [8/100](7.65%) [400/612] Data 0.000 (0.018) Batch 0.004 (0.023) Remain 00:21:27 Loss1 0.00012287 Loss2 0.00040081 lr [0.01].

Epoch: [8/100](7.74%) [450/612] Data 0.001 (0.016) Batch 0.007 (0.021) Remain 00:19:33 Loss1 0.00018542 Loss2 0.00019625 lr [0.01].

Epoch: [8/100](7.82%) [500/612] Data 0.000 (0.015) Batch 0.005 (0.019) Remain 00:18:02 Loss1 0.00078663 Loss2 0.00325628 lr [0.01].

Epoch: [8/100](7.90%) [550/612] Data 0.000 (0.013) Batch 0.005 (0.018) Remain 00:16:47 Loss1 0.00118755 Loss2 0.00098021 lr [0.01].

Epoch: [8/100](7.98%) [600/612] Data 0.000 (0.012) Batch 0.004 (0.017) Remain 00:15:44 Loss1 0.00044915 Loss2 0.00044353 lr [0.01].

Loss_train: 0.0034575640
Best loss: 0.0030479692751255926  Best Epoch: 5
Epoch: [9/100](8.08%) [50/612] Data 0.000 (0.149) Batch 0.005 (0.153) Remain 02:23:42 Loss1 0.00048326 Loss2 0.00049527 lr [0.01].

Epoch: [9/100](8.16%) [100/612] Data 0.000 (0.075) Batch 0.005 (0.079) Remain 01:14:00 Loss1 0.00019177 Loss2 0.00012338 lr [0.01].

Epoch: [9/100](8.25%) [150/612] Data 0.000 (0.050) Batch 0.005 (0.054) Remain 00:50:46 Loss1 0.00033529 Loss2 0.00405871 lr [0.01].

Epoch: [9/100](8.33%) [200/612] Data 0.000 (0.037) Batch 0.005 (0.042) Remain 00:39:07 Loss1 0.00015458 Loss2 0.00009573 lr [0.01].

Epoch: [9/100](8.41%) [250/612] Data 0.000 (0.030) Batch 0.004 (0.034) Remain 00:32:09 Loss1 0.00015325 Loss2 0.00011556 lr [0.01].

Epoch: [9/100](8.49%) [300/612] Data 0.000 (0.025) Batch 0.005 (0.029) Remain 00:27:29 Loss1 0.00009387 Loss2 0.00014419 lr [0.01].

Epoch: [9/100](8.57%) [350/612] Data 0.000 (0.022) Batch 0.005 (0.026) Remain 00:24:10 Loss1 0.00015382 Loss2 0.00005568 lr [0.01].

Epoch: [9/100](8.65%) [400/612] Data 0.000 (0.019) Batch 0.005 (0.023) Remain 00:21:40 Loss1 0.00010077 Loss2 0.00012541 lr [0.01].

Epoch: [9/100](8.74%) [450/612] Data 0.000 (0.017) Batch 0.005 (0.021) Remain 00:19:43 Loss1 0.00005038 Loss2 0.00015046 lr [0.01].

Epoch: [9/100](8.82%) [500/612] Data 0.000 (0.015) Batch 0.005 (0.020) Remain 00:18:10 Loss1 0.00004654 Loss2 0.00015544 lr [0.01].

Epoch: [9/100](8.90%) [550/612] Data 0.000 (0.014) Batch 0.005 (0.018) Remain 00:16:56 Loss1 0.00005965 Loss2 0.00001237 lr [0.01].

Epoch: [9/100](8.98%) [600/612] Data 0.001 (0.013) Batch 0.005 (0.017) Remain 00:15:53 Loss1 0.00005917 Loss2 0.00016711 lr [0.01].

Loss_train: 0.0012712257
Best loss: 0.0012712256842424942  Best Epoch: 9
Epoch: [10/100](9.08%) [50/612] Data 0.000 (0.145) Batch 0.005 (0.150) Remain 02:18:46 Loss1 0.00005125 Loss2 0.00008068 lr [0.01].

Epoch: [10/100](9.16%) [100/612] Data 0.000 (0.073) Batch 0.005 (0.077) Remain 01:11:31 Loss1 0.00008169 Loss2 0.00015885 lr [0.01].

Epoch: [10/100](9.25%) [150/612] Data 0.000 (0.049) Batch 0.005 (0.053) Remain 00:49:04 Loss1 0.00027904 Loss2 0.00002271 lr [0.01].

Epoch: [10/100](9.33%) [200/612] Data 0.000 (0.037) Batch 0.005 (0.041) Remain 00:37:51 Loss1 0.00007998 Loss2 0.00197689 lr [0.01].

Epoch: [10/100](9.41%) [250/612] Data 0.000 (0.029) Batch 0.004 (0.034) Remain 00:31:06 Loss1 0.00005426 Loss2 0.00001255 lr [0.01].

Epoch: [10/100](9.49%) [300/612] Data 0.000 (0.024) Batch 0.004 (0.029) Remain 00:26:37 Loss1 0.00129913 Loss2 0.00032385 lr [0.01].

Epoch: [10/100](9.57%) [350/612] Data 0.001 (0.021) Batch 0.006 (0.025) Remain 00:23:26 Loss1 0.00005771 Loss2 0.00011296 lr [0.01].

Epoch: [10/100](9.65%) [400/612] Data 0.000 (0.018) Batch 0.005 (0.023) Remain 00:21:04 Loss1 0.00005394 Loss2 0.00020900 lr [0.01].

Epoch: [10/100](9.74%) [450/612] Data 0.000 (0.016) Batch 0.005 (0.021) Remain 00:19:13 Loss1 0.00008266 Loss2 0.00009215 lr [0.01].

Epoch: [10/100](9.82%) [500/612] Data 0.000 (0.015) Batch 0.005 (0.019) Remain 00:17:43 Loss1 0.00004775 Loss2 0.00041037 lr [0.01].

Epoch: [10/100](9.90%) [550/612] Data 0.000 (0.014) Batch 0.005 (0.018) Remain 00:16:29 Loss1 0.00010911 Loss2 0.00003971 lr [0.01].

Epoch: [10/100](9.98%) [600/612] Data 0.000 (0.012) Batch 0.004 (0.017) Remain 00:15:27 Loss1 0.00002617 Loss2 0.00010724 lr [0.01].

Loss_train: 0.0007011738
Best loss: 0.0007011737788565774  Best Epoch: 10
Epoch: [11/100](10.08%) [50/612] Data 0.000 (0.146) Batch 0.004 (0.151) Remain 02:18:11 Loss1 0.00004206 Loss2 0.00002243 lr [0.005].

Epoch: [11/100](10.16%) [100/612] Data 0.000 (0.073) Batch 0.005 (0.078) Remain 01:11:13 Loss1 0.00179515 Loss2 0.00002182 lr [0.005].

Epoch: [11/100](10.25%) [150/612] Data 0.000 (0.049) Batch 0.005 (0.053) Remain 00:48:50 Loss1 0.00002800 Loss2 0.00008716 lr [0.005].

Epoch: [11/100](10.33%) [200/612] Data 0.000 (0.037) Batch 0.005 (0.041) Remain 00:37:39 Loss1 0.00641773 Loss2 0.00010130 lr [0.005].

Epoch: [11/100](10.41%) [250/612] Data 0.000 (0.030) Batch 0.005 (0.034) Remain 00:30:56 Loss1 0.00006930 Loss2 0.00001138 lr [0.005].

Epoch: [11/100](10.49%) [300/612] Data 0.000 (0.025) Batch 0.005 (0.029) Remain 00:26:27 Loss1 0.00005277 Loss2 0.00071467 lr [0.005].

Epoch: [11/100](10.57%) [350/612] Data 0.000 (0.021) Batch 0.005 (0.026) Remain 00:23:16 Loss1 0.00011562 Loss2 0.00009308 lr [0.005].

Epoch: [11/100](10.65%) [400/612] Data 0.000 (0.019) Batch 0.005 (0.023) Remain 00:20:52 Loss1 0.00009028 Loss2 0.00018551 lr [0.005].

Epoch: [11/100](10.74%) [450/612] Data 0.000 (0.017) Batch 0.005 (0.021) Remain 00:19:01 Loss1 0.00085865 Loss2 0.00035167 lr [0.005].

Epoch: [11/100](10.82%) [500/612] Data 0.000 (0.015) Batch 0.005 (0.019) Remain 00:17:31 Loss1 0.00061035 Loss2 0.00017491 lr [0.005].

Epoch: [11/100](10.90%) [550/612] Data 0.000 (0.014) Batch 0.005 (0.018) Remain 00:16:18 Loss1 0.00121085 Loss2 0.00006846 lr [0.005].

Epoch: [11/100](10.98%) [600/612] Data 0.000 (0.012) Batch 0.005 (0.017) Remain 00:15:17 Loss1 0.00025781 Loss2 0.00012138 lr [0.005].

Loss_train: 0.0050888821
Best loss: 0.0007011737788565774  Best Epoch: 10
Epoch: [12/100](11.08%) [50/612] Data 0.000 (0.145) Batch 0.005 (0.150) Remain 02:15:48 Loss1 0.00045760 Loss2 0.00109566 lr [0.005].

Epoch: [12/100](11.16%) [100/612] Data 0.000 (0.073) Batch 0.004 (0.077) Remain 01:09:57 Loss1 0.00024060 Loss2 0.00028824 lr [0.005].

Epoch: [12/100](11.25%) [150/612] Data 0.000 (0.049) Batch 0.005 (0.053) Remain 00:48:03 Loss1 0.00034171 Loss2 0.00006225 lr [0.005].

Epoch: [12/100](11.33%) [200/612] Data 0.000 (0.037) Batch 0.005 (0.041) Remain 00:37:04 Loss1 0.00017600 Loss2 0.00001793 lr [0.005].

Epoch: [12/100](11.41%) [250/612] Data 0.000 (0.029) Batch 0.005 (0.034) Remain 00:30:28 Loss1 0.00086342 Loss2 0.00016102 lr [0.005].

Epoch: [12/100](11.49%) [300/612] Data 0.000 (0.024) Batch 0.005 (0.029) Remain 00:26:06 Loss1 0.00061640 Loss2 0.00004207 lr [0.005].

Epoch: [12/100](11.57%) [350/612] Data 0.000 (0.021) Batch 0.005 (0.025) Remain 00:22:57 Loss1 0.00051381 Loss2 0.00002832 lr [0.005].

Epoch: [12/100](11.65%) [400/612] Data 0.000 (0.018) Batch 0.005 (0.023) Remain 00:20:35 Loss1 0.00080939 Loss2 0.00005002 lr [0.005].

Epoch: [12/100](11.74%) [450/612] Data 0.000 (0.016) Batch 0.005 (0.021) Remain 00:18:44 Loss1 0.00030072 Loss2 0.01693691 lr [0.005].

Epoch: [12/100](11.82%) [500/612] Data 0.000 (0.015) Batch 0.005 (0.019) Remain 00:17:16 Loss1 0.00033382 Loss2 0.00155680 lr [0.005].

Epoch: [12/100](11.90%) [550/612] Data 0.000 (0.014) Batch 0.005 (0.018) Remain 00:16:06 Loss1 0.00023178 Loss2 0.00014995 lr [0.005].

Epoch: [12/100](11.98%) [600/612] Data 0.000 (0.012) Batch 0.004 (0.017) Remain 00:15:07 Loss1 0.00017619 Loss2 0.00004687 lr [0.005].

Loss_train: 0.0015158980
Best loss: 0.0007011737788565774  Best Epoch: 10
Epoch: [13/100](12.08%) [50/612] Data 0.000 (0.150) Batch 0.005 (0.154) Remain 02:18:26 Loss1 0.00013594 Loss2 0.00021528 lr [0.005].

Epoch: [13/100](12.16%) [100/612] Data 0.000 (0.075) Batch 0.004 (0.080) Remain 01:11:15 Loss1 0.00009687 Loss2 0.00002660 lr [0.005].

Epoch: [13/100](12.25%) [150/612] Data 0.000 (0.050) Batch 0.005 (0.055) Remain 00:48:50 Loss1 0.00011629 Loss2 0.00012064 lr [0.005].

Epoch: [13/100](12.33%) [200/612] Data 0.000 (0.038) Batch 0.005 (0.042) Remain 00:37:40 Loss1 0.00010867 Loss2 0.00010494 lr [0.005].

Epoch: [13/100](12.41%) [250/612] Data 0.000 (0.030) Batch 0.004 (0.035) Remain 00:30:56 Loss1 0.00031724 Loss2 0.00024074 lr [0.005].

Epoch: [13/100](12.49%) [300/612] Data 0.000 (0.025) Batch 0.004 (0.030) Remain 00:26:26 Loss1 0.00009272 Loss2 0.00000808 lr [0.005].

Epoch: [13/100](12.57%) [350/612] Data 0.000 (0.022) Batch 0.005 (0.026) Remain 00:23:17 Loss1 0.00007110 Loss2 0.00001435 lr [0.005].

Epoch: [13/100](12.65%) [400/612] Data 0.000 (0.019) Batch 0.005 (0.023) Remain 00:20:52 Loss1 0.00007426 Loss2 0.00000729 lr [0.005].

Epoch: [13/100](12.74%) [450/612] Data 0.000 (0.017) Batch 0.004 (0.021) Remain 00:18:59 Loss1 0.00037156 Loss2 0.00002570 lr [0.005].

Epoch: [13/100](12.82%) [500/612] Data 0.000 (0.015) Batch 0.005 (0.020) Remain 00:17:30 Loss1 0.00045836 Loss2 0.00004422 lr [0.005].

Epoch: [13/100](12.90%) [550/612] Data 0.000 (0.014) Batch 0.004 (0.018) Remain 00:16:16 Loss1 0.00034410 Loss2 0.00010785 lr [0.005].

Epoch: [13/100](12.98%) [600/612] Data 0.000 (0.013) Batch 0.005 (0.017) Remain 00:15:15 Loss1 0.00053778 Loss2 0.00105971 lr [0.005].

Loss_train: 0.0030691033
Best loss: 0.0007011737788565774  Best Epoch: 10
Epoch: [14/100](13.08%) [50/612] Data 0.000 (0.148) Batch 0.004 (0.152) Remain 02:15:10 Loss1 0.00040675 Loss2 0.00004312 lr [0.005].

Epoch: [14/100](13.16%) [100/612] Data 0.000 (0.074) Batch 0.004 (0.079) Remain 01:09:36 Loss1 0.00028121 Loss2 0.00001515 lr [0.005].

Epoch: [14/100](13.25%) [150/612] Data 0.000 (0.050) Batch 0.004 (0.054) Remain 00:47:43 Loss1 0.00047076 Loss2 0.00004204 lr [0.005].

Epoch: [14/100](13.33%) [200/612] Data 0.000 (0.037) Batch 0.005 (0.042) Remain 00:36:48 Loss1 0.00048306 Loss2 0.00120186 lr [0.005].

Epoch: [14/100](13.41%) [250/612] Data 0.000 (0.030) Batch 0.005 (0.034) Remain 00:30:14 Loss1 0.00031250 Loss2 0.00001517 lr [0.005].

Epoch: [14/100](13.49%) [300/612] Data 0.000 (0.025) Batch 0.004 (0.029) Remain 00:25:52 Loss1 0.00012466 Loss2 0.00002270 lr [0.005].

Epoch: [14/100](13.57%) [350/612] Data 0.000 (0.021) Batch 0.006 (0.026) Remain 00:22:45 Loss1 0.00011911 Loss2 0.00049547 lr [0.005].

Epoch: [14/100](13.65%) [400/612] Data 0.000 (0.019) Batch 0.005 (0.023) Remain 00:20:26 Loss1 0.00008353 Loss2 0.00004679 lr [0.005].

Epoch: [14/100](13.74%) [450/612] Data 0.000 (0.017) Batch 0.004 (0.021) Remain 00:18:38 Loss1 0.00012552 Loss2 0.00002084 lr [0.005].

Epoch: [14/100](13.82%) [500/612] Data 0.000 (0.015) Batch 0.005 (0.020) Remain 00:17:11 Loss1 0.00007845 Loss2 0.00019253 lr [0.005].

Epoch: [14/100](13.90%) [550/612] Data 0.000 (0.014) Batch 0.006 (0.018) Remain 00:15:59 Loss1 0.00007596 Loss2 0.00001099 lr [0.005].

Epoch: [14/100](13.98%) [600/612] Data 0.000 (0.013) Batch 0.005 (0.017) Remain 00:14:59 Loss1 0.00015721 Loss2 0.00004951 lr [0.005].

Loss_train: 0.0011825434
Best loss: 0.0007011737788565774  Best Epoch: 10
Epoch: [15/100](14.08%) [50/612] Data 0.000 (0.146) Batch 0.004 (0.151) Remain 02:12:13 Loss1 0.00016403 Loss2 0.00000472 lr [0.005].

Epoch: [15/100](14.16%) [100/612] Data 0.000 (0.073) Batch 0.006 (0.078) Remain 01:08:12 Loss1 0.00008646 Loss2 0.00000933 lr [0.005].

Epoch: [15/100](14.25%) [150/612] Data 0.000 (0.049) Batch 0.005 (0.054) Remain 00:46:55 Loss1 0.00019384 Loss2 0.00002518 lr [0.005].

Epoch: [15/100](14.33%) [200/612] Data 0.000 (0.037) Batch 0.005 (0.041) Remain 00:36:12 Loss1 0.00010608 Loss2 0.00002744 lr [0.005].

Epoch: [15/100](14.41%) [250/612] Data 0.000 (0.030) Batch 0.005 (0.034) Remain 00:29:46 Loss1 0.00007261 Loss2 0.00001750 lr [0.005].

Epoch: [15/100](14.49%) [300/612] Data 0.000 (0.025) Batch 0.005 (0.029) Remain 00:25:28 Loss1 0.00006450 Loss2 0.00003171 lr [0.005].

Epoch: [15/100](14.57%) [350/612] Data 0.000 (0.021) Batch 0.005 (0.026) Remain 00:22:27 Loss1 0.00005167 Loss2 0.00016822 lr [0.005].

Epoch: [15/100](14.65%) [400/612] Data 0.000 (0.019) Batch 0.005 (0.023) Remain 00:20:08 Loss1 0.00021068 Loss2 0.00005306 lr [0.005].

Epoch: [15/100](14.74%) [450/612] Data 0.000 (0.017) Batch 0.004 (0.021) Remain 00:18:20 Loss1 0.00008517 Loss2 0.00012537 lr [0.005].

Epoch: [15/100](14.82%) [500/612] Data 0.000 (0.015) Batch 0.005 (0.019) Remain 00:16:54 Loss1 0.00007181 Loss2 0.00366907 lr [0.005].

Epoch: [15/100](14.90%) [550/612] Data 0.000 (0.014) Batch 0.005 (0.018) Remain 00:15:44 Loss1 0.00031028 Loss2 0.00033606 lr [0.005].

Epoch: [15/100](14.98%) [600/612] Data 0.000 (0.013) Batch 0.007 (0.017) Remain 00:14:47 Loss1 0.00015106 Loss2 0.00006410 lr [0.005].

