[Tue May 24 15:54:02 2022]starts experiments setting base_single_100_loss
=> creating model ...
SiameseNetwork(
  (fc1): Sequential(
    (0): Linear(in_features=25, out_features=32, bias=True)
    (1): BatchNorm1d(32, eps=1e-05, momentum=0.1, affine=True, track_running_stats=True)
    (2): ReLU(inplace=True)
    (3): Linear(in_features=32, out_features=32, bias=True)
    (4): BatchNorm1d(32, eps=1e-05, momentum=0.1, affine=True, track_running_stats=True)
    (5): ReLU(inplace=True)
    (6): Linear(in_features=32, out_features=5, bias=True)
  )
  (fc2): Sequential(
    (0): Linear(in_features=10, out_features=10, bias=True)
    (1): BatchNorm1d(10, eps=1e-05, momentum=0.1, affine=True, track_running_stats=True)
    (2): ReLU(inplace=True)
    (3): Linear(in_features=10, out_features=1, bias=True)
  )
)
SYS:
  EXP_NAME: base_single_100_loss
  OUTPUT_DIR: results/base_single_100_loss/
  GPUS: 0
  WORKERS: 8
  PIN_MEMORY: True
  LOCAL_RANK: 
TRAIN:
  RESUME: 
  START_EPOCH: 1
  END_EPOCH: 100
  BATCH_SIZE: 256
  SEED: 8967
  CUDNN:
    BENCHMARK: True
    DETERMINISTIC: False
    ENABLED: True
  OPT:
    LR: 0.01
    NAME: Adam
    MOMENTUM: 0.9
  PRINT_FREQ: 50
  BATCH_SIZE_VAL: 16
MODEL:
  NAME: fullmodel
  BB_PRETRAINED: 
  FREEZE_BN: 
  NBB_KEYWORDS: []
  LATERAL_CONNECTION: True
  POSITION_ENCODING: False
  SEG:
    NAME: ctx48
    FREEZE: True
    WEIGHT_PATH: models/ctx48_7795.pth.tar
    LATTERAL: [48, 64, 80, 96, 112]
  DEPTH:
    NAME: depth
    CH:
      BB: [3, 18, 36]
      BASE: [36, 72, 120, 180, 252]
      SELF_CTX: [54, 72, 90, 108, 126]
      SEG_CTX: [18, 24, 30, 36, 42]
      GLOB_CTX: [36, 48, 60, 72, 84]
      LATTERAL: [72, 120, 180, 252, 336]
  POSE:
    NAME: pose
    CH:
      BB: [6, 12, 24]
      BASE: [24, 48, 80, 120, 168, 224, 288]
      SELF_CTX: [24, 32, 40, 48, 56, 64]
DATA:
  SET: kittiDataset
  SPLIT: eigen_zhou
  ROOT: 
  TRAIN_SPLIT: train
  VAL_SPLIT: val
  TEST_SPLIT: test
  FRAME_IDS: [0, -1, 1, 's']
  STEREO_OPTION: True
  SHUFFLE: False
  DROP_LAST: True
  HEIGHT: 320
  WIDTH: 1024
  MIN_DEPTH: 0.1
  MAX_DEPTH: 100
  AUG:
    BRIGHTNESS: [0.8, 1.2]
    CONTRAST: [0.8, 1.2]
    SATURATION: [0.8, 1.2]
    HUE: [-0.1, 0.1]
LOSS:
  DISP_SMOOTH: 0.001
  METRIC: ['de/abs_rel', 'de/sq_rel', 'de/rms', 'de/log_rms', 'da/a1', 'da/a2', 'da/a3', 'silog']

starts training
Epoch: [1/100](0.08%) [50/612] Data 0.000 (0.145) Batch 0.006 (0.151) Remain 02:33:31 Loss1 0.36971045 Loss2 1.02386403 lr [0.01].

Epoch: [1/100](0.16%) [100/612] Data 0.000 (0.073) Batch 0.006 (0.078) Remain 01:19:32 Loss1 0.17503148 Loss2 0.52495265 lr [0.01].

Epoch: [1/100](0.25%) [150/612] Data 0.000 (0.049) Batch 0.006 (0.054) Remain 00:54:51 Loss1 0.07261871 Loss2 0.76033551 lr [0.01].

Epoch: [1/100](0.33%) [200/612] Data 0.000 (0.037) Batch 0.005 (0.042) Remain 00:42:31 Loss1 0.01924587 Loss2 0.04263581 lr [0.01].

Epoch: [1/100](0.41%) [250/612] Data 0.000 (0.029) Batch 0.005 (0.035) Remain 00:35:11 Loss1 0.03818409 Loss2 0.03336452 lr [0.01].

Epoch: [1/100](0.49%) [300/612] Data 0.000 (0.025) Batch 0.005 (0.030) Remain 00:30:15 Loss1 0.00568001 Loss2 0.01982372 lr [0.01].

Epoch: [1/100](0.57%) [350/612] Data 0.000 (0.021) Batch 0.007 (0.027) Remain 00:26:52 Loss1 0.00318071 Loss2 0.00565767 lr [0.01].

Epoch: [1/100](0.65%) [400/612] Data 0.000 (0.018) Batch 0.006 (0.024) Remain 00:24:14 Loss1 0.04458776 Loss2 0.12340729 lr [0.01].

Epoch: [1/100](0.74%) [450/612] Data 0.000 (0.016) Batch 0.006 (0.022) Remain 00:22:09 Loss1 0.00580944 Loss2 0.01760443 lr [0.01].

Epoch: [1/100](0.82%) [500/612] Data 0.000 (0.015) Batch 0.005 (0.020) Remain 00:20:28 Loss1 0.16475116 Loss2 0.05344893 lr [0.01].

Epoch: [1/100](0.90%) [550/612] Data 0.000 (0.014) Batch 0.006 (0.019) Remain 00:19:05 Loss1 0.00522187 Loss2 0.00823945 lr [0.01].

Epoch: [1/100](0.98%) [600/612] Data 0.000 (0.012) Batch 0.007 (0.018) Remain 00:17:57 Loss1 0.00207442 Loss2 0.00748288 lr [0.01].

