[Tue May 24 16:28:03 2022]starts experiments setting base_single_100_loss_onehot
=> creating model ...
SiameseNetwork(
  (fc1): Sequential(
    (0): Linear(in_features=25, out_features=64, bias=True)
    (1): BatchNorm1d(64, eps=1e-05, momentum=0.1, affine=True, track_running_stats=True)
    (2): ReLU(inplace=True)
    (3): Linear(in_features=64, out_features=32, bias=True)
    (4): BatchNorm1d(32, eps=1e-05, momentum=0.1, affine=True, track_running_stats=True)
    (5): ReLU(inplace=True)
    (6): Linear(in_features=32, out_features=5, bias=True)
  )
  (fc2): Sequential(
    (0): Linear(in_features=10, out_features=10, bias=True)
    (1): BatchNorm1d(10, eps=1e-05, momentum=0.1, affine=True, track_running_stats=True)
    (2): ReLU(inplace=True)
    (3): Linear(in_features=10, out_features=1, bias=True)
  )
)
SYS:
  EXP_NAME: base_single_100_loss_onehot
  OUTPUT_DIR: results/base_single_100_loss_onehot/
  GPUS: 0
  WORKERS: 8
  PIN_MEMORY: True
  LOCAL_RANK: 
TRAIN:
  RESUME: 
  START_EPOCH: 1
  END_EPOCH: 100
  BATCH_SIZE: 256
  SEED: 8967
  CUDNN:
    BENCHMARK: True
    DETERMINISTIC: False
    ENABLED: True
  OPT:
    LR: 0.01
    NAME: Adam
    MOMENTUM: 0.9
  PRINT_FREQ: 50
  BATCH_SIZE_VAL: 16
MODEL:
  NAME: fullmodel
  BB_PRETRAINED: 
  FREEZE_BN: 
  NBB_KEYWORDS: []
  LATERAL_CONNECTION: True
  POSITION_ENCODING: False
  SEG:
    NAME: ctx48
    FREEZE: True
    WEIGHT_PATH: models/ctx48_7795.pth.tar
    LATTERAL: [48, 64, 80, 96, 112]
  DEPTH:
    NAME: depth
    CH:
      BB: [3, 18, 36]
      BASE: [36, 72, 120, 180, 252]
      SELF_CTX: [54, 72, 90, 108, 126]
      SEG_CTX: [18, 24, 30, 36, 42]
      GLOB_CTX: [36, 48, 60, 72, 84]
      LATTERAL: [72, 120, 180, 252, 336]
  POSE:
    NAME: pose
    CH:
      BB: [6, 12, 24]
      BASE: [24, 48, 80, 120, 168, 224, 288]
      SELF_CTX: [24, 32, 40, 48, 56, 64]
DATA:
  SET: kittiDataset
  SPLIT: eigen_zhou
  ROOT: 
  TRAIN_SPLIT: train
  VAL_SPLIT: val
  TEST_SPLIT: test
  FRAME_IDS: [0, -1, 1, 's']
  STEREO_OPTION: True
  SHUFFLE: False
  DROP_LAST: True
  HEIGHT: 320
  WIDTH: 1024
  MIN_DEPTH: 0.1
  MAX_DEPTH: 100
  AUG:
    BRIGHTNESS: [0.8, 1.2]
    CONTRAST: [0.8, 1.2]
    SATURATION: [0.8, 1.2]
    HUE: [-0.1, 0.1]
LOSS:
  DISP_SMOOTH: 0.001
  METRIC: ['de/abs_rel', 'de/sq_rel', 'de/rms', 'de/log_rms', 'da/a1', 'da/a2', 'da/a3', 'silog']

starts training
Epoch: [1/100](0.08%) [50/612] Data 0.000 (0.144) Batch 0.006 (0.150) Remain 02:32:26 Loss1 0.30809230 Loss2 0.93452495 lr [0.01].

Epoch: [1/100](0.16%) [100/612] Data 0.000 (0.072) Batch 0.006 (0.078) Remain 01:19:10 Loss1 0.10264912 Loss2 0.32266897 lr [0.01].

Epoch: [1/100](0.25%) [150/612] Data 0.000 (0.048) Batch 0.006 (0.054) Remain 00:54:49 Loss1 0.04340302 Loss2 0.06802768 lr [0.01].

Epoch: [1/100](0.33%) [200/612] Data 0.000 (0.036) Batch 0.005 (0.042) Remain 00:42:34 Loss1 0.01731093 Loss2 0.07104932 lr [0.01].

Epoch: [1/100](0.41%) [250/612] Data 0.000 (0.029) Batch 0.006 (0.035) Remain 00:35:12 Loss1 0.00859100 Loss2 0.01504063 lr [0.01].

Epoch: [1/100](0.49%) [300/612] Data 0.000 (0.024) Batch 0.006 (0.030) Remain 00:30:18 Loss1 0.03370531 Loss2 0.01885206 lr [0.01].

Epoch: [1/100](0.57%) [350/612] Data 0.000 (0.021) Batch 0.006 (0.026) Remain 00:26:49 Loss1 0.02229589 Loss2 0.07807689 lr [0.01].

Epoch: [1/100](0.65%) [400/612] Data 0.000 (0.018) Batch 0.006 (0.024) Remain 00:24:12 Loss1 0.00564999 Loss2 0.00828218 lr [0.01].

Epoch: [1/100](0.74%) [450/612] Data 0.000 (0.016) Batch 0.006 (0.022) Remain 00:22:13 Loss1 0.00611158 Loss2 0.01572392 lr [0.01].

Epoch: [1/100](0.82%) [500/612] Data 0.000 (0.015) Batch 0.006 (0.020) Remain 00:20:34 Loss1 0.00417648 Loss2 0.00753610 lr [0.01].

Epoch: [1/100](0.90%) [550/612] Data 0.000 (0.013) Batch 0.006 (0.019) Remain 00:19:12 Loss1 0.00175676 Loss2 0.00448295 lr [0.01].

Epoch: [1/100](0.98%) [600/612] Data 0.000 (0.012) Batch 0.006 (0.018) Remain 00:18:05 Loss1 0.00199783 Loss2 0.00227740 lr [0.01].

Loss_train: 0.2499265121
Best loss: 0.24992651208632954  Best Epoch: 1
Epoch: [2/100](1.08%) [50/612] Data 0.000 (0.142) Batch 0.006 (0.147) Remain 02:28:44 Loss1 0.00122019 Loss2 0.03074070 lr [0.01].

Epoch: [2/100](1.16%) [100/612] Data 0.000 (0.071) Batch 0.006 (0.077) Remain 01:17:18 Loss1 0.16326265 Loss2 0.06173769 lr [0.01].

Epoch: [2/100](1.25%) [150/612] Data 0.000 (0.047) Batch 0.007 (0.053) Remain 00:53:30 Loss1 0.01432112 Loss2 0.01785787 lr [0.01].

Epoch: [2/100](1.33%) [200/612] Data 0.000 (0.036) Batch 0.006 (0.041) Remain 00:41:36 Loss1 0.00808634 Loss2 0.00697228 lr [0.01].

Epoch: [2/100](1.41%) [250/612] Data 0.000 (0.029) Batch 0.006 (0.034) Remain 00:34:27 Loss1 0.00235288 Loss2 0.00157491 lr [0.01].

Epoch: [2/100](1.49%) [300/612] Data 0.000 (0.024) Batch 0.006 (0.030) Remain 00:29:41 Loss1 0.00147719 Loss2 0.00767851 lr [0.01].

Epoch: [2/100](1.57%) [350/612] Data 0.000 (0.021) Batch 0.006 (0.026) Remain 00:26:16 Loss1 0.00230077 Loss2 0.00134704 lr [0.01].

Epoch: [2/100](1.65%) [400/612] Data 0.000 (0.018) Batch 0.006 (0.024) Remain 00:23:43 Loss1 0.00102279 Loss2 0.00801767 lr [0.01].

Epoch: [2/100](1.74%) [450/612] Data 0.000 (0.016) Batch 0.006 (0.022) Remain 00:21:43 Loss1 0.00055113 Loss2 0.00160013 lr [0.01].

Epoch: [2/100](1.82%) [500/612] Data 0.000 (0.014) Batch 0.005 (0.020) Remain 00:20:07 Loss1 0.00095875 Loss2 0.00175841 lr [0.01].

Epoch: [2/100](1.90%) [550/612] Data 0.000 (0.013) Batch 0.006 (0.019) Remain 00:18:49 Loss1 0.00085071 Loss2 0.00083851 lr [0.01].

Epoch: [2/100](1.98%) [600/612] Data 0.000 (0.012) Batch 0.006 (0.018) Remain 00:17:44 Loss1 0.00074432 Loss2 0.00222420 lr [0.01].

Loss_train: 0.0169599531
Best loss: 0.016959953114493664  Best Epoch: 2
Epoch: [3/100](2.08%) [50/612] Data 0.000 (0.141) Batch 0.006 (0.147) Remain 02:27:06 Loss1 0.00021413 Loss2 0.00045374 lr [0.01].

Epoch: [3/100](2.16%) [100/612] Data 0.000 (0.071) Batch 0.005 (0.077) Remain 01:16:29 Loss1 0.00026908 Loss2 0.00066976 lr [0.01].

Epoch: [3/100](2.25%) [150/612] Data 0.000 (0.047) Batch 0.005 (0.053) Remain 00:52:56 Loss1 0.00015754 Loss2 0.00046617 lr [0.01].

Epoch: [3/100](2.33%) [200/612] Data 0.000 (0.036) Batch 0.005 (0.041) Remain 00:41:10 Loss1 0.00064523 Loss2 0.00073754 lr [0.01].

Epoch: [3/100](2.41%) [250/612] Data 0.000 (0.029) Batch 0.006 (0.034) Remain 00:34:06 Loss1 0.00032932 Loss2 0.00037830 lr [0.01].

Epoch: [3/100](2.49%) [300/612] Data 0.000 (0.024) Batch 0.005 (0.030) Remain 00:29:23 Loss1 0.00017222 Loss2 0.00038395 lr [0.01].

Epoch: [3/100](2.57%) [350/612] Data 0.000 (0.021) Batch 0.006 (0.026) Remain 00:26:01 Loss1 0.00034930 Loss2 0.00037680 lr [0.01].

Epoch: [3/100](2.65%) [400/612] Data 0.000 (0.018) Batch 0.007 (0.024) Remain 00:23:29 Loss1 0.00012015 Loss2 0.00052818 lr [0.01].

Epoch: [3/100](2.74%) [450/612] Data 0.000 (0.016) Batch 0.006 (0.022) Remain 00:21:31 Loss1 0.01212453 Loss2 0.03849498 lr [0.01].

Epoch: [3/100](2.82%) [500/612] Data 0.000 (0.014) Batch 0.007 (0.020) Remain 00:19:57 Loss1 0.00320722 Loss2 0.00261341 lr [0.01].

Epoch: [3/100](2.90%) [550/612] Data 0.000 (0.013) Batch 0.006 (0.019) Remain 00:18:40 Loss1 0.00202062 Loss2 0.00090755 lr [0.01].

Epoch: [3/100](2.98%) [600/612] Data 0.000 (0.012) Batch 0.005 (0.018) Remain 00:17:34 Loss1 0.00170949 Loss2 0.00074813 lr [0.01].

Loss_train: 0.0206159373
Best loss: 0.016959953114493664  Best Epoch: 2
Epoch: [4/100](3.08%) [50/612] Data 0.000 (0.141) Batch 0.007 (0.147) Remain 02:25:13 Loss1 0.00089746 Loss2 0.00555159 lr [0.01].

Epoch: [4/100](3.16%) [100/612] Data 0.000 (0.071) Batch 0.005 (0.076) Remain 01:15:32 Loss1 0.00046544 Loss2 0.00074148 lr [0.01].

Epoch: [4/100](3.25%) [150/612] Data 0.000 (0.047) Batch 0.006 (0.053) Remain 00:52:19 Loss1 0.00220727 Loss2 0.00250150 lr [0.01].

Epoch: [4/100](3.33%) [200/612] Data 0.000 (0.036) Batch 0.007 (0.041) Remain 00:40:42 Loss1 0.00295937 Loss2 0.00990071 lr [0.01].

Epoch: [4/100](3.41%) [250/612] Data 0.000 (0.028) Batch 0.006 (0.034) Remain 00:33:43 Loss1 0.00062121 Loss2 0.00086776 lr [0.01].

Epoch: [4/100](3.49%) [300/612] Data 0.000 (0.024) Batch 0.007 (0.030) Remain 00:29:04 Loss1 0.00106748 Loss2 0.00101396 lr [0.01].

Epoch: [4/100](3.57%) [350/612] Data 0.000 (0.020) Batch 0.006 (0.026) Remain 00:25:43 Loss1 0.00048402 Loss2 0.00091149 lr [0.01].

Epoch: [4/100](3.65%) [400/612] Data 0.000 (0.018) Batch 0.005 (0.024) Remain 00:23:13 Loss1 0.00508892 Loss2 0.00087245 lr [0.01].

Epoch: [4/100](3.74%) [450/612] Data 0.000 (0.016) Batch 0.006 (0.022) Remain 00:21:16 Loss1 0.00055004 Loss2 0.00066198 lr [0.01].

Epoch: [4/100](3.82%) [500/612] Data 0.000 (0.014) Batch 0.006 (0.020) Remain 00:19:43 Loss1 0.00134190 Loss2 0.00142046 lr [0.01].

Epoch: [4/100](3.90%) [550/612] Data 0.000 (0.013) Batch 0.005 (0.019) Remain 00:18:27 Loss1 0.00086032 Loss2 0.00041033 lr [0.01].

Epoch: [4/100](3.98%) [600/612] Data 0.000 (0.012) Batch 0.006 (0.018) Remain 00:17:23 Loss1 0.00064402 Loss2 0.00027696 lr [0.01].

Loss_train: 0.0284355097
Best loss: 0.016959953114493664  Best Epoch: 2
Epoch: [5/100](4.08%) [50/612] Data 0.000 (0.142) Batch 0.005 (0.148) Remain 02:24:20 Loss1 0.00035555 Loss2 0.00056452 lr [0.01].

Epoch: [5/100](4.16%) [100/612] Data 0.000 (0.071) Batch 0.006 (0.077) Remain 01:15:01 Loss1 0.00043906 Loss2 0.00096471 lr [0.01].

Epoch: [5/100](4.25%) [150/612] Data 0.000 (0.047) Batch 0.007 (0.053) Remain 00:51:55 Loss1 0.00160067 Loss2 0.00027820 lr [0.01].

Epoch: [5/100](4.33%) [200/612] Data 0.000 (0.036) Batch 0.006 (0.041) Remain 00:40:21 Loss1 0.00023459 Loss2 0.00041983 lr [0.01].

Epoch: [5/100](4.41%) [250/612] Data 0.000 (0.029) Batch 0.006 (0.034) Remain 00:33:24 Loss1 0.00081910 Loss2 0.00022307 lr [0.01].

Epoch: [5/100](4.49%) [300/612] Data 0.000 (0.024) Batch 0.006 (0.030) Remain 00:28:46 Loss1 0.00022627 Loss2 0.00023767 lr [0.01].

Epoch: [5/100](4.57%) [350/612] Data 0.000 (0.021) Batch 0.006 (0.026) Remain 00:25:27 Loss1 0.00036697 Loss2 0.00031722 lr [0.01].

Epoch: [5/100](4.65%) [400/612] Data 0.000 (0.018) Batch 0.005 (0.024) Remain 00:22:58 Loss1 0.00016708 Loss2 0.00029140 lr [0.01].

Epoch: [5/100](4.74%) [450/612] Data 0.000 (0.016) Batch 0.005 (0.022) Remain 00:21:02 Loss1 0.00011235 Loss2 0.00035615 lr [0.01].

Epoch: [5/100](4.82%) [500/612] Data 0.000 (0.014) Batch 0.007 (0.020) Remain 00:19:29 Loss1 0.00027246 Loss2 0.00020994 lr [0.01].

Epoch: [5/100](4.90%) [550/612] Data 0.000 (0.013) Batch 0.006 (0.019) Remain 00:18:13 Loss1 0.00019245 Loss2 0.00016792 lr [0.01].

Epoch: [5/100](4.98%) [600/612] Data 0.000 (0.012) Batch 0.006 (0.018) Remain 00:17:08 Loss1 0.00143708 Loss2 0.00016576 lr [0.01].

Loss_train: 0.0008191228
Best loss: 0.0008191228018190219  Best Epoch: 5
Epoch: [6/100](5.08%) [50/612] Data 0.000 (0.147) Batch 0.005 (0.153) Remain 02:27:56 Loss1 0.00010836 Loss2 0.00033178 lr [0.01].

Epoch: [6/100](5.16%) [100/612] Data 0.000 (0.074) Batch 0.006 (0.080) Remain 01:16:58 Loss1 0.00026597 Loss2 0.00046988 lr [0.01].

Epoch: [6/100](5.25%) [150/612] Data 0.000 (0.049) Batch 0.006 (0.055) Remain 00:53:11 Loss1 0.00016234 Loss2 0.00019934 lr [0.01].

Epoch: [6/100](5.33%) [200/612] Data 0.000 (0.037) Batch 0.007 (0.043) Remain 00:41:16 Loss1 0.00009183 Loss2 0.00018327 lr [0.01].

Epoch: [6/100](5.41%) [250/612] Data 0.000 (0.030) Batch 0.006 (0.035) Remain 00:34:08 Loss1 0.00009255 Loss2 0.00020423 lr [0.01].

Epoch: [6/100](5.49%) [300/612] Data 0.000 (0.025) Batch 0.006 (0.030) Remain 00:29:24 Loss1 0.00021314 Loss2 0.00020734 lr [0.01].

Epoch: [6/100](5.57%) [350/612] Data 0.000 (0.021) Batch 0.006 (0.027) Remain 00:26:00 Loss1 0.00011575 Loss2 0.00109386 lr [0.01].

Epoch: [6/100](5.65%) [400/612] Data 0.000 (0.019) Batch 0.006 (0.024) Remain 00:23:26 Loss1 0.00007752 Loss2 0.00075872 lr [0.01].

Epoch: [6/100](5.74%) [450/612] Data 0.001 (0.017) Batch 0.008 (0.022) Remain 00:21:28 Loss1 0.00006451 Loss2 0.00028007 lr [0.01].

Epoch: [6/100](5.82%) [500/612] Data 0.001 (0.015) Batch 0.006 (0.021) Remain 00:19:56 Loss1 0.03796336 Loss2 0.00036468 lr [0.01].

Epoch: [6/100](5.90%) [550/612] Data 0.000 (0.014) Batch 0.005 (0.019) Remain 00:18:37 Loss1 0.01320168 Loss2 0.00979521 lr [0.01].

Epoch: [6/100](5.98%) [600/612] Data 0.000 (0.013) Batch 0.005 (0.018) Remain 00:17:31 Loss1 0.00831247 Loss2 0.00224496 lr [0.01].

Loss_train: 0.0330431220
Best loss: 0.0008191228018190219  Best Epoch: 5
Epoch: [7/100](6.08%) [50/612] Data 0.000 (0.147) Batch 0.006 (0.153) Remain 02:26:32 Loss1 0.00306202 Loss2 0.00175758 lr [0.01].

Epoch: [7/100](6.16%) [100/612] Data 0.001 (0.074) Batch 0.006 (0.080) Remain 01:16:11 Loss1 0.00044288 Loss2 0.00139120 lr [0.01].

Epoch: [7/100](6.25%) [150/612] Data 0.000 (0.049) Batch 0.006 (0.055) Remain 00:52:38 Loss1 0.00055396 Loss2 0.00142210 lr [0.01].

Epoch: [7/100](6.33%) [200/612] Data 0.000 (0.037) Batch 0.007 (0.043) Remain 00:40:50 Loss1 0.00207693 Loss2 0.00400292 lr [0.01].

Epoch: [7/100](6.41%) [250/612] Data 0.000 (0.030) Batch 0.007 (0.035) Remain 00:33:46 Loss1 0.00024975 Loss2 0.00050953 lr [0.01].

Epoch: [7/100](6.49%) [300/612] Data 0.000 (0.025) Batch 0.006 (0.031) Remain 00:29:07 Loss1 0.00019794 Loss2 0.00036529 lr [0.01].

Epoch: [7/100](6.57%) [350/612] Data 0.000 (0.021) Batch 0.006 (0.027) Remain 00:25:44 Loss1 0.00094604 Loss2 0.00071802 lr [0.01].

Epoch: [7/100](6.65%) [400/612] Data 0.000 (0.019) Batch 0.005 (0.024) Remain 00:23:11 Loss1 0.00028747 Loss2 0.00039236 lr [0.01].

Epoch: [7/100](6.74%) [450/612] Data 0.000 (0.017) Batch 0.005 (0.022) Remain 00:21:11 Loss1 0.00053198 Loss2 0.00082683 lr [0.01].

Epoch: [7/100](6.82%) [500/612] Data 0.000 (0.015) Batch 0.006 (0.021) Remain 00:19:37 Loss1 0.00013781 Loss2 0.00067675 lr [0.01].

Epoch: [7/100](6.90%) [550/612] Data 0.000 (0.014) Batch 0.006 (0.019) Remain 00:18:20 Loss1 0.00021053 Loss2 0.00104688 lr [0.01].

Epoch: [7/100](6.98%) [600/612] Data 0.000 (0.013) Batch 0.006 (0.018) Remain 00:17:15 Loss1 0.00016085 Loss2 0.00045376 lr [0.01].

Loss_train: 0.0020398795
Best loss: 0.0008191228018190219  Best Epoch: 5
Epoch: [8/100](7.08%) [50/612] Data 0.000 (0.141) Batch 0.007 (0.147) Remain 02:18:55 Loss1 0.00047826 Loss2 0.00079085 lr [0.01].

Epoch: [8/100](7.16%) [100/612] Data 0.000 (0.071) Batch 0.006 (0.076) Remain 01:12:15 Loss1 0.00022056 Loss2 0.00038763 lr [0.01].

Epoch: [8/100](7.25%) [150/612] Data 0.000 (0.047) Batch 0.006 (0.053) Remain 00:49:59 Loss1 0.00109316 Loss2 0.00025190 lr [0.01].

Epoch: [8/100](7.33%) [200/612] Data 0.000 (0.035) Batch 0.004 (0.041) Remain 00:38:50 Loss1 0.00016544 Loss2 0.00091341 lr [0.01].

Epoch: [8/100](7.41%) [250/612] Data 0.000 (0.028) Batch 0.006 (0.034) Remain 00:32:10 Loss1 0.00017615 Loss2 0.00033481 lr [0.01].

Epoch: [8/100](7.49%) [300/612] Data 0.000 (0.024) Batch 0.006 (0.029) Remain 00:27:43 Loss1 0.00018633 Loss2 0.00022921 lr [0.01].

Epoch: [8/100](7.57%) [350/612] Data 0.000 (0.020) Batch 0.005 (0.026) Remain 00:24:31 Loss1 0.00030666 Loss2 0.00302913 lr [0.01].

Epoch: [8/100](7.65%) [400/612] Data 0.000 (0.018) Batch 0.006 (0.024) Remain 00:22:08 Loss1 0.00228258 Loss2 0.00084053 lr [0.01].

Epoch: [8/100](7.74%) [450/612] Data 0.000 (0.016) Batch 0.006 (0.022) Remain 00:20:17 Loss1 0.00124595 Loss2 0.00065851 lr [0.01].

Epoch: [8/100](7.82%) [500/612] Data 0.000 (0.014) Batch 0.005 (0.020) Remain 00:18:47 Loss1 0.00038437 Loss2 0.00043915 lr [0.01].

Epoch: [8/100](7.90%) [550/612] Data 0.000 (0.013) Batch 0.006 (0.019) Remain 00:17:34 Loss1 0.00018688 Loss2 0.00047499 lr [0.01].

Epoch: [8/100](7.98%) [600/612] Data 0.000 (0.012) Batch 0.006 (0.018) Remain 00:16:33 Loss1 0.00020351 Loss2 0.00032915 lr [0.01].

Loss_train: 0.0045451371
Best loss: 0.0008191228018190219  Best Epoch: 5
Epoch: [9/100](8.08%) [50/612] Data 0.000 (0.145) Batch 0.007 (0.151) Remain 02:21:19 Loss1 0.00114655 Loss2 0.00103311 lr [0.01].

Epoch: [9/100](8.16%) [100/612] Data 0.000 (0.073) Batch 0.005 (0.078) Remain 01:13:19 Loss1 0.00015159 Loss2 0.00126173 lr [0.01].

Epoch: [9/100](8.25%) [150/612] Data 0.000 (0.049) Batch 0.006 (0.054) Remain 00:50:39 Loss1 0.00025962 Loss2 0.00038286 lr [0.01].

Epoch: [9/100](8.33%) [200/612] Data 0.000 (0.036) Batch 0.006 (0.042) Remain 00:39:19 Loss1 0.00012089 Loss2 0.00029532 lr [0.01].

Epoch: [9/100](8.41%) [250/612] Data 0.000 (0.029) Batch 0.006 (0.035) Remain 00:32:31 Loss1 0.00005834 Loss2 0.00038245 lr [0.01].

Epoch: [9/100](8.49%) [300/612] Data 0.000 (0.024) Batch 0.005 (0.030) Remain 00:27:59 Loss1 0.00017661 Loss2 0.00032372 lr [0.01].

Epoch: [9/100](8.57%) [350/612] Data 0.000 (0.021) Batch 0.005 (0.027) Remain 00:24:45 Loss1 0.00051958 Loss2 0.00085124 lr [0.01].

Epoch: [9/100](8.65%) [400/612] Data 0.000 (0.018) Batch 0.007 (0.024) Remain 00:22:19 Loss1 0.00008276 Loss2 0.00029971 lr [0.01].

Epoch: [9/100](8.74%) [450/612] Data 0.000 (0.016) Batch 0.006 (0.022) Remain 00:20:27 Loss1 0.00005138 Loss2 0.00026397 lr [0.01].

Epoch: [9/100](8.82%) [500/612] Data 0.000 (0.015) Batch 0.008 (0.020) Remain 00:18:56 Loss1 0.00009135 Loss2 0.00018770 lr [0.01].

Epoch: [9/100](8.90%) [550/612] Data 0.000 (0.014) Batch 0.006 (0.019) Remain 00:17:42 Loss1 0.00008872 Loss2 0.00014979 lr [0.01].

Epoch: [9/100](8.98%) [600/612] Data 0.000 (0.012) Batch 0.006 (0.018) Remain 00:16:40 Loss1 0.00011146 Loss2 0.00014210 lr [0.01].

Loss_train: 0.0011412399
Best loss: 0.0008191228018190219  Best Epoch: 5
Epoch: [10/100](9.08%) [50/612] Data 0.000 (0.144) Batch 0.007 (0.150) Remain 02:19:01 Loss1 0.00006369 Loss2 0.00009322 lr [0.01].

Epoch: [10/100](9.16%) [100/612] Data 0.000 (0.072) Batch 0.006 (0.078) Remain 01:12:10 Loss1 0.00006629 Loss2 0.00041631 lr [0.01].

Epoch: [10/100](9.25%) [150/612] Data 0.000 (0.048) Batch 0.007 (0.054) Remain 00:49:52 Loss1 0.00004035 Loss2 0.00009990 lr [0.01].

Epoch: [10/100](9.33%) [200/612] Data 0.000 (0.036) Batch 0.007 (0.042) Remain 00:38:45 Loss1 0.00010578 Loss2 0.00009608 lr [0.01].

Epoch: [10/100](9.41%) [250/612] Data 0.000 (0.029) Batch 0.006 (0.035) Remain 00:32:03 Loss1 0.00004592 Loss2 0.00014003 lr [0.01].

Epoch: [10/100](9.49%) [300/612] Data 0.000 (0.024) Batch 0.007 (0.030) Remain 00:27:34 Loss1 0.00004680 Loss2 0.00013588 lr [0.01].

Epoch: [10/100](9.57%) [350/612] Data 0.000 (0.021) Batch 0.006 (0.026) Remain 00:24:23 Loss1 0.00006726 Loss2 0.00013105 lr [0.01].

Epoch: [10/100](9.65%) [400/612] Data 0.000 (0.018) Batch 0.007 (0.024) Remain 00:22:00 Loss1 0.00005333 Loss2 0.00010006 lr [0.01].

Epoch: [10/100](9.74%) [450/612] Data 0.000 (0.016) Batch 0.005 (0.022) Remain 00:20:08 Loss1 0.00013062 Loss2 0.00009922 lr [0.01].

Epoch: [10/100](9.82%) [500/612] Data 0.000 (0.015) Batch 0.006 (0.020) Remain 00:18:39 Loss1 0.00009333 Loss2 0.00015919 lr [0.01].

Epoch: [10/100](9.90%) [550/612] Data 0.000 (0.013) Batch 0.006 (0.019) Remain 00:17:26 Loss1 0.00002122 Loss2 0.00007516 lr [0.01].

Epoch: [10/100](9.98%) [600/612] Data 0.000 (0.012) Batch 0.005 (0.018) Remain 00:16:25 Loss1 0.00014447 Loss2 0.00026999 lr [0.01].

Loss_train: 0.0002882536
Best loss: 0.0002882536188521686  Best Epoch: 10
Epoch: [11/100](10.08%) [50/612] Data 0.000 (0.142) Batch 0.005 (0.148) Remain 02:15:19 Loss1 0.00004915 Loss2 0.00010573 lr [0.005].

Epoch: [11/100](10.16%) [100/612] Data 0.000 (0.071) Batch 0.005 (0.077) Remain 01:10:20 Loss1 0.00003270 Loss2 0.00015179 lr [0.005].

Epoch: [11/100](10.25%) [150/612] Data 0.000 (0.047) Batch 0.006 (0.053) Remain 00:48:40 Loss1 0.00004525 Loss2 0.00007415 lr [0.005].

Epoch: [11/100](10.33%) [200/612] Data 0.000 (0.036) Batch 0.005 (0.041) Remain 00:37:50 Loss1 0.00007137 Loss2 0.00011757 lr [0.005].

Epoch: [11/100](10.41%) [250/612] Data 0.000 (0.029) Batch 0.005 (0.034) Remain 00:31:19 Loss1 0.00025826 Loss2 0.00007853 lr [0.005].

Epoch: [11/100](10.49%) [300/612] Data 0.000 (0.024) Batch 0.005 (0.030) Remain 00:26:58 Loss1 0.00005612 Loss2 0.00027074 lr [0.005].

Epoch: [11/100](10.57%) [350/612] Data 0.000 (0.021) Batch 0.006 (0.026) Remain 00:23:53 Loss1 0.00003261 Loss2 0.00017338 lr [0.005].

Epoch: [11/100](10.65%) [400/612] Data 0.000 (0.018) Batch 0.006 (0.024) Remain 00:21:33 Loss1 0.00030409 Loss2 0.00006762 lr [0.005].

Epoch: [11/100](10.74%) [450/612] Data 0.000 (0.016) Batch 0.006 (0.022) Remain 00:19:44 Loss1 0.00003841 Loss2 0.00013597 lr [0.005].

Epoch: [11/100](10.82%) [500/612] Data 0.000 (0.014) Batch 0.007 (0.020) Remain 00:18:17 Loss1 0.00003075 Loss2 0.00006989 lr [0.005].

Epoch: [11/100](10.90%) [550/612] Data 0.000 (0.013) Batch 0.006 (0.019) Remain 00:17:06 Loss1 0.00003251 Loss2 0.00011719 lr [0.005].

Epoch: [11/100](10.98%) [600/612] Data 0.000 (0.012) Batch 0.006 (0.018) Remain 00:16:07 Loss1 0.00006543 Loss2 0.00004814 lr [0.005].

Loss_train: 0.0002801638
Best loss: 0.00028016378327461725  Best Epoch: 11
Epoch: [12/100](11.08%) [50/612] Data 0.000 (0.141) Batch 0.006 (0.147) Remain 02:13:15 Loss1 0.00006525 Loss2 0.00007383 lr [0.005].

Epoch: [12/100](11.16%) [100/612] Data 0.000 (0.071) Batch 0.007 (0.076) Remain 01:09:17 Loss1 0.00003295 Loss2 0.00005637 lr [0.005].

Epoch: [12/100](11.25%) [150/612] Data 0.000 (0.047) Batch 0.006 (0.053) Remain 00:47:57 Loss1 0.00003321 Loss2 0.00005346 lr [0.005].

Epoch: [12/100](11.33%) [200/612] Data 0.000 (0.036) Batch 0.006 (0.041) Remain 00:37:17 Loss1 0.00007642 Loss2 0.00009904 lr [0.005].

Epoch: [12/100](11.41%) [250/612] Data 0.000 (0.029) Batch 0.006 (0.034) Remain 00:30:52 Loss1 0.00002667 Loss2 0.00010409 lr [0.005].

Epoch: [12/100](11.49%) [300/612] Data 0.000 (0.024) Batch 0.006 (0.029) Remain 00:26:35 Loss1 0.00018306 Loss2 0.00012991 lr [0.005].

Epoch: [12/100](11.57%) [350/612] Data 0.000 (0.020) Batch 0.006 (0.026) Remain 00:23:32 Loss1 0.00003814 Loss2 0.00005439 lr [0.005].

Epoch: [12/100](11.65%) [400/612] Data 0.000 (0.018) Batch 0.006 (0.024) Remain 00:21:15 Loss1 0.00004379 Loss2 0.00006576 lr [0.005].

Epoch: [12/100](11.74%) [450/612] Data 0.000 (0.016) Batch 0.006 (0.022) Remain 00:19:28 Loss1 0.00003103 Loss2 0.00006646 lr [0.005].

Epoch: [12/100](11.82%) [500/612] Data 0.000 (0.014) Batch 0.006 (0.020) Remain 00:18:02 Loss1 0.00005910 Loss2 0.00006401 lr [0.005].

Epoch: [12/100](11.90%) [550/612] Data 0.000 (0.013) Batch 0.005 (0.019) Remain 00:16:52 Loss1 0.00002384 Loss2 0.00005831 lr [0.005].

Epoch: [12/100](11.98%) [600/612] Data 0.000 (0.012) Batch 0.005 (0.018) Remain 00:15:54 Loss1 0.00026347 Loss2 0.00242190 lr [0.005].

Loss_train: 0.0005654331
Best loss: 0.00028016378327461725  Best Epoch: 11
Epoch: [13/100](12.08%) [50/612] Data 0.000 (0.141) Batch 0.005 (0.147) Remain 02:12:05 Loss1 0.00018219 Loss2 0.00032056 lr [0.005].

Epoch: [13/100](12.16%) [100/612] Data 0.000 (0.071) Batch 0.005 (0.077) Remain 01:08:39 Loss1 0.00017358 Loss2 0.00010628 lr [0.005].

Epoch: [13/100](12.25%) [150/612] Data 0.000 (0.047) Batch 0.006 (0.053) Remain 00:47:27 Loss1 0.00018201 Loss2 0.00021616 lr [0.005].

Epoch: [13/100](12.33%) [200/612] Data 0.000 (0.036) Batch 0.007 (0.041) Remain 00:36:51 Loss1 0.00014706 Loss2 0.00006494 lr [0.005].

Epoch: [13/100](12.41%) [250/612] Data 0.000 (0.029) Batch 0.005 (0.034) Remain 00:30:30 Loss1 0.00016788 Loss2 0.00052485 lr [0.005].

Epoch: [13/100](12.49%) [300/612] Data 0.000 (0.024) Batch 0.006 (0.029) Remain 00:26:16 Loss1 0.00010326 Loss2 0.00008721 lr [0.005].

Epoch: [13/100](12.57%) [350/612] Data 0.000 (0.021) Batch 0.006 (0.026) Remain 00:23:15 Loss1 0.00015610 Loss2 0.00009066 lr [0.005].

Epoch: [13/100](12.65%) [400/612] Data 0.000 (0.018) Batch 0.006 (0.024) Remain 00:20:59 Loss1 0.00007122 Loss2 0.00021239 lr [0.005].

Epoch: [13/100](12.74%) [450/612] Data 0.000 (0.016) Batch 0.005 (0.022) Remain 00:19:13 Loss1 0.00009273 Loss2 0.00021786 lr [0.005].

Epoch: [13/100](12.82%) [500/612] Data 0.000 (0.014) Batch 0.006 (0.020) Remain 00:17:48 Loss1 0.00015004 Loss2 0.00003444 lr [0.005].

Epoch: [13/100](12.90%) [550/612] Data 0.000 (0.013) Batch 0.006 (0.019) Remain 00:16:39 Loss1 0.00029359 Loss2 0.00012625 lr [0.005].

Epoch: [13/100](12.98%) [600/612] Data 0.000 (0.012) Batch 0.007 (0.018) Remain 00:15:41 Loss1 0.00002764 Loss2 0.00018016 lr [0.005].

Loss_train: 0.0004649951
Best loss: 0.00028016378327461725  Best Epoch: 11
Epoch: [14/100](13.08%) [50/612] Data 0.000 (0.141) Batch 0.006 (0.147) Remain 02:10:13 Loss1 0.00003537 Loss2 0.00003930 lr [0.005].

Epoch: [14/100](13.16%) [100/612] Data 0.000 (0.071) Batch 0.006 (0.076) Remain 01:07:42 Loss1 0.00001994 Loss2 0.00004921 lr [0.005].

Epoch: [14/100](13.25%) [150/612] Data 0.000 (0.047) Batch 0.006 (0.053) Remain 00:46:50 Loss1 0.00019435 Loss2 0.00003221 lr [0.005].

Epoch: [14/100](13.33%) [200/612] Data 0.000 (0.036) Batch 0.006 (0.041) Remain 00:36:24 Loss1 0.00006251 Loss2 0.00005687 lr [0.005].

Epoch: [14/100](13.41%) [250/612] Data 0.000 (0.028) Batch 0.006 (0.034) Remain 00:30:08 Loss1 0.00013568 Loss2 0.00003291 lr [0.005].

Epoch: [14/100](13.49%) [300/612] Data 0.000 (0.024) Batch 0.006 (0.029) Remain 00:25:57 Loss1 0.00001952 Loss2 0.00003924 lr [0.005].

Epoch: [14/100](13.57%) [350/612] Data 0.000 (0.020) Batch 0.005 (0.026) Remain 00:22:58 Loss1 0.00007263 Loss2 0.00003133 lr [0.005].

Epoch: [14/100](13.65%) [400/612] Data 0.000 (0.018) Batch 0.005 (0.024) Remain 00:20:43 Loss1 0.00007869 Loss2 0.00003621 lr [0.005].

Epoch: [14/100](13.74%) [450/612] Data 0.000 (0.016) Batch 0.007 (0.022) Remain 00:18:58 Loss1 0.00006345 Loss2 0.00002730 lr [0.005].

Epoch: [14/100](13.82%) [500/612] Data 0.000 (0.014) Batch 0.006 (0.020) Remain 00:17:35 Loss1 0.00023953 Loss2 0.00004197 lr [0.005].

Epoch: [14/100](13.90%) [550/612] Data 0.000 (0.013) Batch 0.006 (0.019) Remain 00:16:26 Loss1 0.00002243 Loss2 0.00020591 lr [0.005].

Epoch: [14/100](13.98%) [600/612] Data 0.000 (0.012) Batch 0.006 (0.018) Remain 00:15:29 Loss1 0.00003156 Loss2 0.00002852 lr [0.005].

Loss_train: 0.0001393592
Best loss: 0.0001393591817587055  Best Epoch: 14
Epoch: [15/100](14.08%) [50/612] Data 0.000 (0.147) Batch 0.005 (0.153) Remain 02:13:56 Loss1 0.04661772 Loss2 0.00095719 lr [0.005].

Epoch: [15/100](14.16%) [100/612] Data 0.000 (0.074) Batch 0.006 (0.079) Remain 01:09:28 Loss1 0.00037237 Loss2 0.00034190 lr [0.005].

Epoch: [15/100](14.25%) [150/612] Data 0.000 (0.049) Batch 0.005 (0.055) Remain 00:48:08 Loss1 0.00009223 Loss2 0.00005383 lr [0.005].

Epoch: [15/100](14.33%) [200/612] Data 0.000 (0.037) Batch 0.007 (0.043) Remain 00:37:22 Loss1 0.00004405 Loss2 0.00005804 lr [0.005].

Epoch: [15/100](14.41%) [250/612] Data 0.000 (0.030) Batch 0.006 (0.035) Remain 00:30:54 Loss1 0.00005095 Loss2 0.00006465 lr [0.005].

Epoch: [15/100](14.49%) [300/612] Data 0.000 (0.025) Batch 0.006 (0.030) Remain 00:26:34 Loss1 0.00006755 Loss2 0.00007494 lr [0.005].

Epoch: [15/100](14.57%) [350/612] Data 0.000 (0.021) Batch 0.006 (0.027) Remain 00:23:29 Loss1 0.00002566 Loss2 0.00005189 lr [0.005].

Epoch: [15/100](14.65%) [400/612] Data 0.000 (0.019) Batch 0.006 (0.024) Remain 00:21:10 Loss1 0.00123904 Loss2 0.00384723 lr [0.005].

Epoch: [15/100](14.74%) [450/612] Data 0.000 (0.017) Batch 0.005 (0.022) Remain 00:19:20 Loss1 0.00034711 Loss2 0.00059396 lr [0.005].

Epoch: [15/100](14.82%) [500/612] Data 0.000 (0.015) Batch 0.006 (0.021) Remain 00:17:53 Loss1 0.00031156 Loss2 0.00018345 lr [0.005].

Epoch: [15/100](14.90%) [550/612] Data 0.000 (0.014) Batch 0.006 (0.019) Remain 00:16:42 Loss1 0.00021608 Loss2 0.00013650 lr [0.005].

Epoch: [15/100](14.98%) [600/612] Data 0.000 (0.013) Batch 0.006 (0.018) Remain 00:15:46 Loss1 0.00075361 Loss2 0.00006699 lr [0.005].

Loss_train: 0.0142044262
Best loss: 0.0001393591817587055  Best Epoch: 14
Epoch: [16/100](15.08%) [50/612] Data 0.000 (0.144) Batch 0.006 (0.149) Remain 02:09:16 Loss1 0.00060570 Loss2 0.00007079 lr [0.005].

Epoch: [16/100](15.16%) [100/612] Data 0.000 (0.072) Batch 0.006 (0.078) Remain 01:07:06 Loss1 0.00007568 Loss2 0.00005881 lr [0.005].

Epoch: [16/100](15.25%) [150/612] Data 0.000 (0.048) Batch 0.005 (0.054) Remain 00:46:23 Loss1 0.00054402 Loss2 0.00006854 lr [0.005].

Epoch: [16/100](15.33%) [200/612] Data 0.000 (0.036) Batch 0.006 (0.042) Remain 00:36:02 Loss1 0.00022433 Loss2 0.00013285 lr [0.005].

Epoch: [16/100](15.41%) [250/612] Data 0.000 (0.029) Batch 0.005 (0.035) Remain 00:29:48 Loss1 0.00005161 Loss2 0.00003716 lr [0.005].

Epoch: [16/100](15.49%) [300/612] Data 0.000 (0.024) Batch 0.006 (0.030) Remain 00:25:39 Loss1 0.00015060 Loss2 0.00009540 lr [0.005].

Epoch: [16/100](15.57%) [350/612] Data 0.000 (0.021) Batch 0.006 (0.026) Remain 00:22:42 Loss1 0.00004631 Loss2 0.00005385 lr [0.005].

Epoch: [16/100](15.65%) [400/612] Data 0.000 (0.018) Batch 0.005 (0.024) Remain 00:20:29 Loss1 0.00005820 Loss2 0.00003553 lr [0.005].

Epoch: [16/100](15.74%) [450/612] Data 0.000 (0.016) Batch 0.005 (0.022) Remain 00:18:45 Loss1 0.00004965 Loss2 0.00011642 lr [0.005].

Epoch: [16/100](15.82%) [500/612] Data 0.000 (0.015) Batch 0.006 (0.020) Remain 00:17:22 Loss1 0.00004616 Loss2 0.00012201 lr [0.005].

Epoch: [16/100](15.90%) [550/612] Data 0.000 (0.013) Batch 0.006 (0.019) Remain 00:16:14 Loss1 0.00002414 Loss2 0.00002640 lr [0.005].

Epoch: [16/100](15.98%) [600/612] Data 0.000 (0.012) Batch 0.006 (0.018) Remain 00:15:18 Loss1 0.00003567 Loss2 0.00004099 lr [0.005].

Loss_train: 0.0002944396
Best loss: 0.0001393591817587055  Best Epoch: 14
Epoch: [17/100](16.08%) [50/612] Data 0.000 (0.142) Batch 0.005 (0.147) Remain 02:06:14 Loss1 0.00006046 Loss2 0.00003478 lr [0.005].

Epoch: [17/100](16.16%) [100/612] Data 0.000 (0.071) Batch 0.006 (0.077) Remain 01:05:36 Loss1 0.00004622 Loss2 0.00005525 lr [0.005].

Epoch: [17/100](16.25%) [150/612] Data 0.000 (0.047) Batch 0.005 (0.053) Remain 00:45:21 Loss1 0.00002167 Loss2 0.00002125 lr [0.005].

Epoch: [17/100](16.33%) [200/612] Data 0.000 (0.036) Batch 0.006 (0.041) Remain 00:35:14 Loss1 0.00004024 Loss2 0.00003008 lr [0.005].

Epoch: [17/100](16.41%) [250/612] Data 0.000 (0.029) Batch 0.007 (0.034) Remain 00:29:10 Loss1 0.00003739 Loss2 0.00004237 lr [0.005].

Epoch: [17/100](16.49%) [300/612] Data 0.000 (0.024) Batch 0.007 (0.029) Remain 00:25:07 Loss1 0.00010859 Loss2 0.00008277 lr [0.005].

Epoch: [17/100](16.57%) [350/612] Data 0.000 (0.021) Batch 0.006 (0.026) Remain 00:22:14 Loss1 0.00002208 Loss2 0.00006788 lr [0.005].

Epoch: [17/100](16.65%) [400/612] Data 0.000 (0.018) Batch 0.006 (0.024) Remain 00:20:04 Loss1 0.00001780 Loss2 0.00003701 lr [0.005].

Epoch: [17/100](16.74%) [450/612] Data 0.000 (0.016) Batch 0.006 (0.022) Remain 00:18:23 Loss1 0.00011534 Loss2 0.00059658 lr [0.005].

Epoch: [17/100](16.82%) [500/612] Data 0.000 (0.014) Batch 0.006 (0.020) Remain 00:17:02 Loss1 0.00030826 Loss2 0.00067646 lr [0.005].

Epoch: [17/100](16.90%) [550/612] Data 0.000 (0.013) Batch 0.006 (0.019) Remain 00:15:55 Loss1 0.00008950 Loss2 0.00009068 lr [0.005].

Epoch: [17/100](16.98%) [600/612] Data 0.000 (0.012) Batch 0.007 (0.018) Remain 00:15:00 Loss1 0.00012399 Loss2 0.00009979 lr [0.005].

Loss_train: 0.0006509443
Best loss: 0.0001393591817587055  Best Epoch: 14
Epoch: [18/100](17.08%) [50/612] Data 0.000 (0.142) Batch 0.008 (0.148) Remain 02:05:04 Loss1 0.00010171 Loss2 0.00007304 lr [0.005].

Epoch: [18/100](17.16%) [100/612] Data 0.000 (0.071) Batch 0.006 (0.077) Remain 01:04:59 Loss1 0.00006212 Loss2 0.00005244 lr [0.005].

Epoch: [18/100](17.25%) [150/612] Data 0.000 (0.048) Batch 0.005 (0.053) Remain 00:44:58 Loss1 0.00003905 Loss2 0.00005895 lr [0.005].

Epoch: [18/100](17.33%) [200/612] Data 0.000 (0.036) Batch 0.007 (0.041) Remain 00:34:57 Loss1 0.00039329 Loss2 0.03174877 lr [0.005].

Epoch: [18/100](17.41%) [250/612] Data 0.000 (0.029) Batch 0.006 (0.034) Remain 00:28:56 Loss1 0.00082577 Loss2 0.00034585 lr [0.005].

Epoch: [18/100](17.49%) [300/612] Data 0.000 (0.024) Batch 0.006 (0.030) Remain 00:24:55 Loss1 0.00018943 Loss2 0.00032419 lr [0.005].

Epoch: [18/100](17.57%) [350/612] Data 0.000 (0.021) Batch 0.006 (0.026) Remain 00:22:04 Loss1 0.00009080 Loss2 0.00008892 lr [0.005].

Epoch: [18/100](17.65%) [400/612] Data 0.000 (0.018) Batch 0.006 (0.024) Remain 00:19:54 Loss1 0.00018235 Loss2 0.00559203 lr [0.005].

Epoch: [18/100](17.74%) [450/612] Data 0.000 (0.016) Batch 0.006 (0.022) Remain 00:18:14 Loss1 0.00030392 Loss2 0.00029051 lr [0.005].

Epoch: [18/100](17.82%) [500/612] Data 0.000 (0.015) Batch 0.006 (0.020) Remain 00:16:54 Loss1 0.00041369 Loss2 0.00011050 lr [0.005].

Epoch: [18/100](17.90%) [550/612] Data 0.000 (0.013) Batch 0.006 (0.019) Remain 00:15:48 Loss1 0.00019490 Loss2 0.00007540 lr [0.005].

Epoch: [18/100](17.98%) [600/612] Data 0.000 (0.012) Batch 0.006 (0.018) Remain 00:14:53 Loss1 0.00012031 Loss2 0.00031110 lr [0.005].

Loss_train: 0.0131379955
Best loss: 0.0001393591817587055  Best Epoch: 14
Epoch: [19/100](18.08%) [50/612] Data 0.000 (0.143) Batch 0.006 (0.148) Remain 02:03:59 Loss1 0.00018943 Loss2 0.00023712 lr [0.005].

Epoch: [19/100](18.16%) [100/612] Data 0.000 (0.071) Batch 0.006 (0.077) Remain 01:04:24 Loss1 0.00009472 Loss2 0.00007216 lr [0.005].

Epoch: [19/100](18.25%) [150/612] Data 0.000 (0.048) Batch 0.006 (0.053) Remain 00:44:32 Loss1 0.00082895 Loss2 0.00054258 lr [0.005].

Epoch: [19/100](18.33%) [200/612] Data 0.000 (0.036) Batch 0.006 (0.042) Remain 00:34:36 Loss1 0.00007508 Loss2 0.00019006 lr [0.005].

Epoch: [19/100](18.41%) [250/612] Data 0.000 (0.029) Batch 0.005 (0.034) Remain 00:28:37 Loss1 0.00029194 Loss2 0.00008077 lr [0.005].

Epoch: [19/100](18.49%) [300/612] Data 0.000 (0.024) Batch 0.006 (0.030) Remain 00:24:39 Loss1 0.00005902 Loss2 0.00010031 lr [0.005].

Epoch: [19/100](18.57%) [350/612] Data 0.000 (0.021) Batch 0.006 (0.026) Remain 00:21:48 Loss1 0.00013744 Loss2 0.00009595 lr [0.005].

Epoch: [19/100](18.65%) [400/612] Data 0.000 (0.018) Batch 0.005 (0.024) Remain 00:19:40 Loss1 0.00007433 Loss2 0.00039304 lr [0.005].

Epoch: [19/100](18.74%) [450/612] Data 0.000 (0.016) Batch 0.006 (0.022) Remain 00:18:01 Loss1 0.00002442 Loss2 0.00024523 lr [0.005].

Epoch: [19/100](18.82%) [500/612] Data 0.000 (0.015) Batch 0.006 (0.020) Remain 00:16:41 Loss1 0.00007930 Loss2 0.00008031 lr [0.005].

Epoch: [19/100](18.90%) [550/612] Data 0.000 (0.013) Batch 0.006 (0.019) Remain 00:15:35 Loss1 0.00003425 Loss2 0.00048875 lr [0.005].

Epoch: [19/100](18.98%) [600/612] Data 0.000 (0.012) Batch 0.006 (0.018) Remain 00:14:40 Loss1 0.00003171 Loss2 0.00008439 lr [0.005].

Loss_train: 0.0004774497
Best loss: 0.0001393591817587055  Best Epoch: 14
Epoch: [20/100](19.08%) [50/612] Data 0.000 (0.144) Batch 0.005 (0.150) Remain 02:03:34 Loss1 0.00011700 Loss2 0.00005254 lr [0.005].

Epoch: [20/100](19.16%) [100/612] Data 0.000 (0.072) Batch 0.006 (0.078) Remain 01:04:12 Loss1 0.00004753 Loss2 0.00005930 lr [0.005].

Epoch: [20/100](19.25%) [150/612] Data 0.000 (0.048) Batch 0.006 (0.054) Remain 00:44:23 Loss1 0.00006331 Loss2 0.00010313 lr [0.005].

Epoch: [20/100](19.33%) [200/612] Data 0.000 (0.036) Batch 0.006 (0.042) Remain 00:34:27 Loss1 0.00003735 Loss2 0.00003048 lr [0.005].

Epoch: [20/100](19.41%) [250/612] Data 0.000 (0.029) Batch 0.006 (0.035) Remain 00:28:30 Loss1 0.00004373 Loss2 0.00003779 lr [0.005].

Epoch: [20/100](19.49%) [300/612] Data 0.000 (0.024) Batch 0.006 (0.030) Remain 00:24:33 Loss1 0.00008364 Loss2 0.00024627 lr [0.005].

Epoch: [20/100](19.57%) [350/612] Data 0.000 (0.021) Batch 0.006 (0.026) Remain 00:21:43 Loss1 0.00009031 Loss2 0.00009705 lr [0.005].

Epoch: [20/100](19.65%) [400/612] Data 0.000 (0.018) Batch 0.006 (0.024) Remain 00:19:36 Loss1 0.00006512 Loss2 0.00016515 lr [0.005].

Epoch: [20/100](19.74%) [450/612] Data 0.000 (0.016) Batch 0.006 (0.022) Remain 00:17:55 Loss1 0.00005828 Loss2 0.00034497 lr [0.005].

Epoch: [20/100](19.82%) [500/612] Data 0.000 (0.015) Batch 0.006 (0.020) Remain 00:16:36 Loss1 0.00014762 Loss2 0.00005729 lr [0.005].

Epoch: [20/100](19.90%) [550/612] Data 0.000 (0.013) Batch 0.007 (0.019) Remain 00:15:31 Loss1 0.00007514 Loss2 0.00009940 lr [0.005].

Epoch: [20/100](19.98%) [600/612] Data 0.000 (0.012) Batch 0.006 (0.018) Remain 00:14:36 Loss1 0.00001722 Loss2 0.00004438 lr [0.005].

Loss_train: 0.0002417862
Best loss: 0.0001393591817587055  Best Epoch: 14
Epoch: [21/100](20.08%) [50/612] Data 0.000 (0.146) Batch 0.006 (0.151) Remain 02:03:19 Loss1 0.00001935 Loss2 0.00005443 lr [0.0025].

Epoch: [21/100](20.16%) [100/612] Data 0.000 (0.073) Batch 0.006 (0.079) Remain 01:03:59 Loss1 0.00001576 Loss2 0.00002563 lr [0.0025].

Epoch: [21/100](20.25%) [150/612] Data 0.000 (0.049) Batch 0.006 (0.054) Remain 00:44:13 Loss1 0.00003745 Loss2 0.00002590 lr [0.0025].

Epoch: [21/100](20.33%) [200/612] Data 0.000 (0.037) Batch 0.006 (0.042) Remain 00:34:20 Loss1 0.00002694 Loss2 0.00008188 lr [0.0025].

Epoch: [21/100](20.41%) [250/612] Data 0.000 (0.029) Batch 0.006 (0.035) Remain 00:28:25 Loss1 0.00001727 Loss2 0.00002812 lr [0.0025].

Epoch: [21/100](20.49%) [300/612] Data 0.000 (0.025) Batch 0.006 (0.030) Remain 00:24:33 Loss1 0.00001273 Loss2 0.00006813 lr [0.0025].

Epoch: [21/100](20.57%) [350/612] Data 0.000 (0.021) Batch 0.007 (0.027) Remain 00:21:49 Loss1 0.00001118 Loss2 0.00004399 lr [0.0025].

Epoch: [21/100](20.65%) [400/612] Data 0.000 (0.019) Batch 0.007 (0.024) Remain 00:19:44 Loss1 0.00006223 Loss2 0.00003806 lr [0.0025].

Epoch: [21/100](20.74%) [450/612] Data 0.000 (0.016) Batch 0.007 (0.022) Remain 00:18:08 Loss1 0.00002184 Loss2 0.00021998 lr [0.0025].

Epoch: [21/100](20.82%) [500/612] Data 0.000 (0.015) Batch 0.007 (0.021) Remain 00:16:51 Loss1 0.00003204 Loss2 0.00004424 lr [0.0025].

Epoch: [21/100](20.90%) [550/612] Data 0.000 (0.014) Batch 0.006 (0.020) Remain 00:15:48 Loss1 0.00002235 Loss2 0.00021565 lr [0.0025].

Epoch: [21/100](20.98%) [600/612] Data 0.000 (0.012) Batch 0.006 (0.018) Remain 00:14:52 Loss1 0.00002217 Loss2 0.00005173 lr [0.0025].

Loss_train: 0.0002119278
Best loss: 0.0001393591817587055  Best Epoch: 14
Epoch: [22/100](21.08%) [50/612] Data 0.000 (0.146) Batch 0.005 (0.151) Remain 02:01:55 Loss1 0.00001987 Loss2 0.00007502 lr [0.0025].

Epoch: [22/100](21.16%) [100/612] Data 0.000 (0.073) Batch 0.005 (0.079) Remain 01:03:16 Loss1 0.00007250 Loss2 0.00003615 lr [0.0025].

Epoch: [22/100](21.25%) [150/612] Data 0.000 (0.049) Batch 0.006 (0.054) Remain 00:43:42 Loss1 0.00000588 Loss2 0.00002808 lr [0.0025].

Epoch: [22/100](21.33%) [200/612] Data 0.000 (0.037) Batch 0.006 (0.042) Remain 00:33:56 Loss1 0.00001392 Loss2 0.00003032 lr [0.0025].

Epoch: [22/100](21.41%) [250/612] Data 0.000 (0.029) Batch 0.006 (0.035) Remain 00:28:05 Loss1 0.00004729 Loss2 0.00005752 lr [0.0025].

Epoch: [22/100](21.49%) [300/612] Data 0.000 (0.025) Batch 0.005 (0.030) Remain 00:24:10 Loss1 0.00001128 Loss2 0.00009310 lr [0.0025].

Epoch: [22/100](21.57%) [350/612] Data 0.000 (0.021) Batch 0.006 (0.027) Remain 00:21:22 Loss1 0.00000378 Loss2 0.00002250 lr [0.0025].

Epoch: [22/100](21.65%) [400/612] Data 0.000 (0.019) Batch 0.006 (0.024) Remain 00:19:16 Loss1 0.00007485 Loss2 0.00004027 lr [0.0025].

Epoch: [22/100](21.74%) [450/612] Data 0.000 (0.017) Batch 0.006 (0.022) Remain 00:17:38 Loss1 0.00003040 Loss2 0.00002990 lr [0.0025].

Epoch: [22/100](21.82%) [500/612] Data 0.000 (0.015) Batch 0.006 (0.021) Remain 00:16:21 Loss1 0.00020405 Loss2 0.00003337 lr [0.0025].

Epoch: [22/100](21.90%) [550/612] Data 0.000 (0.014) Batch 0.006 (0.019) Remain 00:15:16 Loss1 0.00001510 Loss2 0.00002453 lr [0.0025].

Epoch: [22/100](21.98%) [600/612] Data 0.000 (0.012) Batch 0.006 (0.018) Remain 00:14:23 Loss1 0.00002037 Loss2 0.00006169 lr [0.0025].

Loss_train: 0.0006166162
Best loss: 0.0001393591817587055  Best Epoch: 14
Epoch: [23/100](22.08%) [50/612] Data 0.000 (0.147) Batch 0.006 (0.153) Remain 02:01:13 Loss1 0.00002018 Loss2 0.00002961 lr [0.0025].

Epoch: [23/100](22.16%) [100/612] Data 0.000 (0.073) Batch 0.006 (0.079) Remain 01:02:57 Loss1 0.00000388 Loss2 0.00007745 lr [0.0025].

Epoch: [23/100](22.25%) [150/612] Data 0.000 (0.049) Batch 0.005 (0.055) Remain 00:43:35 Loss1 0.00000711 Loss2 0.00001791 lr [0.0025].

Epoch: [23/100](22.33%) [200/612] Data 0.000 (0.037) Batch 0.005 (0.043) Remain 00:33:51 Loss1 0.00005001 Loss2 0.00014887 lr [0.0025].

Epoch: [23/100](22.41%) [250/612] Data 0.001 (0.030) Batch 0.009 (0.035) Remain 00:28:04 Loss1 0.00001731 Loss2 0.00005915 lr [0.0025].

Epoch: [23/100](22.49%) [300/612] Data 0.000 (0.025) Batch 0.006 (0.031) Remain 00:24:12 Loss1 0.00008054 Loss2 0.00004104 lr [0.0025].

Epoch: [23/100](22.57%) [350/612] Data 0.000 (0.021) Batch 0.007 (0.027) Remain 00:21:27 Loss1 0.00000626 Loss2 0.00012460 lr [0.0025].

Epoch: [23/100](22.65%) [400/612] Data 0.000 (0.019) Batch 0.005 (0.025) Remain 00:19:20 Loss1 0.00003534 Loss2 0.00002084 lr [0.0025].

Epoch: [23/100](22.74%) [450/612] Data 0.001 (0.017) Batch 0.007 (0.022) Remain 00:17:43 Loss1 0.00002879 Loss2 0.00008565 lr [0.0025].

Epoch: [23/100](22.82%) [500/612] Data 0.000 (0.015) Batch 0.005 (0.021) Remain 00:16:25 Loss1 0.00000747 Loss2 0.00002212 lr [0.0025].

Epoch: [23/100](22.90%) [550/612] Data 0.000 (0.014) Batch 0.007 (0.020) Remain 00:15:22 Loss1 0.00000461 Loss2 0.00002565 lr [0.0025].

Epoch: [23/100](22.98%) [600/612] Data 0.000 (0.013) Batch 0.005 (0.018) Remain 00:14:28 Loss1 0.00007885 Loss2 0.00003669 lr [0.0025].

Loss_train: 0.0000995812
Best loss: 9.958124130223927e-05  Best Epoch: 23
Epoch: [24/100](23.08%) [50/612] Data 0.000 (0.143) Batch 0.006 (0.149) Remain 01:56:52 Loss1 0.00002494 Loss2 0.00003249 lr [0.0025].

Epoch: [24/100](23.16%) [100/612] Data 0.000 (0.072) Batch 0.006 (0.077) Remain 01:00:42 Loss1 0.00003412 Loss2 0.00006681 lr [0.0025].

Epoch: [24/100](23.25%) [150/612] Data 0.000 (0.048) Batch 0.005 (0.054) Remain 00:41:56 Loss1 0.00004897 Loss2 0.00001279 lr [0.0025].

Epoch: [24/100](23.33%) [200/612] Data 0.000 (0.036) Batch 0.006 (0.042) Remain 00:32:34 Loss1 0.00004857 Loss2 0.00002210 lr [0.0025].

Epoch: [24/100](23.41%) [250/612] Data 0.000 (0.029) Batch 0.006 (0.034) Remain 00:26:56 Loss1 0.00006136 Loss2 0.00001624 lr [0.0025].

Epoch: [24/100](23.49%) [300/612] Data 0.000 (0.024) Batch 0.005 (0.030) Remain 00:23:11 Loss1 0.00008638 Loss2 0.00002994 lr [0.0025].

Epoch: [24/100](23.57%) [350/612] Data 0.000 (0.021) Batch 0.006 (0.026) Remain 00:20:31 Loss1 0.00003264 Loss2 0.00002960 lr [0.0025].

Epoch: [24/100](23.65%) [400/612] Data 0.000 (0.018) Batch 0.006 (0.024) Remain 00:18:30 Loss1 0.00004011 Loss2 0.00003622 lr [0.0025].

Epoch: [24/100](23.74%) [450/612] Data 0.000 (0.016) Batch 0.006 (0.022) Remain 00:16:56 Loss1 0.00002345 Loss2 0.00001722 lr [0.0025].

Epoch: [24/100](23.82%) [500/612] Data 0.000 (0.015) Batch 0.005 (0.020) Remain 00:15:40 Loss1 0.00000885 Loss2 0.00003073 lr [0.0025].

Epoch: [24/100](23.90%) [550/612] Data 0.000 (0.013) Batch 0.006 (0.019) Remain 00:14:39 Loss1 0.00005246 Loss2 0.00006791 lr [0.0025].

Epoch: [24/100](23.98%) [600/612] Data 0.000 (0.012) Batch 0.006 (0.018) Remain 00:13:48 Loss1 0.00002309 Loss2 0.00008403 lr [0.0025].

Loss_train: 0.0001747630
Best loss: 9.958124130223927e-05  Best Epoch: 23
Epoch: [25/100](24.08%) [50/612] Data 0.000 (0.147) Batch 0.006 (0.152) Remain 01:58:01 Loss1 0.00003418 Loss2 0.00037123 lr [0.0025].

Epoch: [25/100](24.16%) [100/612] Data 0.000 (0.073) Batch 0.007 (0.079) Remain 01:01:14 Loss1 0.00000727 Loss2 0.00003846 lr [0.0025].

Epoch: [25/100](24.25%) [150/612] Data 0.000 (0.049) Batch 0.006 (0.055) Remain 00:42:20 Loss1 0.00006364 Loss2 0.00004491 lr [0.0025].

Epoch: [25/100](24.33%) [200/612] Data 0.000 (0.037) Batch 0.008 (0.043) Remain 00:32:50 Loss1 0.00000976 Loss2 0.00009168 lr [0.0025].

Epoch: [25/100](24.41%) [250/612] Data 0.000 (0.030) Batch 0.005 (0.035) Remain 00:27:08 Loss1 0.00003464 Loss2 0.00013431 lr [0.0025].

Epoch: [25/100](24.49%) [300/612] Data 0.000 (0.025) Batch 0.006 (0.030) Remain 00:23:18 Loss1 0.00000688 Loss2 0.00004313 lr [0.0025].

Epoch: [25/100](24.57%) [350/612] Data 0.000 (0.021) Batch 0.007 (0.027) Remain 00:20:35 Loss1 0.00004886 Loss2 0.00004107 lr [0.0025].

Epoch: [25/100](24.65%) [400/612] Data 0.000 (0.019) Batch 0.006 (0.024) Remain 00:18:34 Loss1 0.00000549 Loss2 0.00002289 lr [0.0025].

Epoch: [25/100](24.74%) [450/612] Data 0.000 (0.017) Batch 0.006 (0.022) Remain 00:16:59 Loss1 0.00000859 Loss2 0.00002979 lr [0.0025].

Epoch: [25/100](24.82%) [500/612] Data 0.000 (0.015) Batch 0.005 (0.021) Remain 00:15:43 Loss1 0.00000987 Loss2 0.00004048 lr [0.0025].

Epoch: [25/100](24.90%) [550/612] Data 0.000 (0.014) Batch 0.006 (0.019) Remain 00:14:41 Loss1 0.00001002 Loss2 0.00001080 lr [0.0025].

Epoch: [25/100](24.98%) [600/612] Data 0.000 (0.013) Batch 0.007 (0.018) Remain 00:13:51 Loss1 0.00000682 Loss2 0.00003971 lr [0.0025].

Loss_train: 0.0000978209
Best loss: 9.782094800024412e-05  Best Epoch: 25
Epoch: [26/100](25.08%) [50/612] Data 0.000 (0.143) Batch 0.006 (0.149) Remain 01:53:34 Loss1 0.00000793 Loss2 0.00001882 lr [0.0025].

Epoch: [26/100](25.16%) [100/612] Data 0.000 (0.072) Batch 0.006 (0.077) Remain 00:59:01 Loss1 0.00000837 Loss2 0.00054898 lr [0.0025].

Epoch: [26/100](25.25%) [150/612] Data 0.000 (0.048) Batch 0.006 (0.054) Remain 00:40:48 Loss1 0.00002362 Loss2 0.00005785 lr [0.0025].

Epoch: [26/100](25.33%) [200/612] Data 0.000 (0.036) Batch 0.007 (0.042) Remain 00:31:40 Loss1 0.00000613 Loss2 0.00001824 lr [0.0025].

Epoch: [26/100](25.41%) [250/612] Data 0.000 (0.029) Batch 0.005 (0.034) Remain 00:26:12 Loss1 0.00002142 Loss2 0.00001155 lr [0.0025].

Epoch: [26/100](25.49%) [300/612] Data 0.000 (0.024) Batch 0.006 (0.030) Remain 00:22:33 Loss1 0.00000612 Loss2 0.00002684 lr [0.0025].

Epoch: [26/100](25.57%) [350/612] Data 0.000 (0.021) Batch 0.006 (0.026) Remain 00:19:57 Loss1 0.00000709 Loss2 0.00007269 lr [0.0025].

Epoch: [26/100](25.65%) [400/612] Data 0.000 (0.018) Batch 0.006 (0.024) Remain 00:17:59 Loss1 0.00001840 Loss2 0.00001302 lr [0.0025].

Epoch: [26/100](25.74%) [450/612] Data 0.000 (0.016) Batch 0.006 (0.022) Remain 00:16:28 Loss1 0.00002314 Loss2 0.00003511 lr [0.0025].

Epoch: [26/100](25.82%) [500/612] Data 0.000 (0.015) Batch 0.007 (0.020) Remain 00:15:15 Loss1 0.00000523 Loss2 0.00002904 lr [0.0025].

Epoch: [26/100](25.90%) [550/612] Data 0.000 (0.013) Batch 0.005 (0.019) Remain 00:14:16 Loss1 0.00000965 Loss2 0.00001678 lr [0.0025].

Epoch: [26/100](25.98%) [600/612] Data 0.000 (0.012) Batch 0.006 (0.018) Remain 00:13:25 Loss1 0.00000230 Loss2 0.00002018 lr [0.0025].

Loss_train: 0.0000834179
Best loss: 8.341788709213135e-05  Best Epoch: 26
Epoch: [27/100](26.08%) [50/612] Data 0.000 (0.144) Batch 0.007 (0.151) Remain 01:53:36 Loss1 0.00002400 Loss2 0.00003114 lr [0.0025].

Epoch: [27/100](26.16%) [100/612] Data 0.000 (0.072) Batch 0.007 (0.079) Remain 00:59:24 Loss1 0.00000799 Loss2 0.00001781 lr [0.0025].

Epoch: [27/100](26.25%) [150/612] Data 0.000 (0.048) Batch 0.006 (0.055) Remain 00:41:09 Loss1 0.00009111 Loss2 0.00003845 lr [0.0025].

Epoch: [27/100](26.33%) [200/612] Data 0.000 (0.036) Batch 0.006 (0.043) Remain 00:31:57 Loss1 0.00000912 Loss2 0.00001238 lr [0.0025].

Epoch: [27/100](26.41%) [250/612] Data 0.000 (0.029) Batch 0.005 (0.035) Remain 00:26:25 Loss1 0.00001910 Loss2 0.00002671 lr [0.0025].

Epoch: [27/100](26.49%) [300/612] Data 0.000 (0.024) Batch 0.007 (0.030) Remain 00:22:43 Loss1 0.00001151 Loss2 0.00001518 lr [0.0025].

Epoch: [27/100](26.57%) [350/612] Data 0.000 (0.021) Batch 0.006 (0.027) Remain 00:20:05 Loss1 0.00000383 Loss2 0.00001668 lr [0.0025].

Epoch: [27/100](26.65%) [400/612] Data 0.000 (0.018) Batch 0.005 (0.024) Remain 00:18:07 Loss1 0.00000688 Loss2 0.00001306 lr [0.0025].

Epoch: [27/100](26.74%) [450/612] Data 0.000 (0.016) Batch 0.006 (0.022) Remain 00:16:34 Loss1 0.00000654 Loss2 0.00001378 lr [0.0025].

Epoch: [27/100](26.82%) [500/612] Data 0.000 (0.015) Batch 0.005 (0.021) Remain 00:15:20 Loss1 0.00000543 Loss2 0.00001604 lr [0.0025].

Epoch: [27/100](26.90%) [550/612] Data 0.000 (0.013) Batch 0.005 (0.019) Remain 00:14:20 Loss1 0.00001794 Loss2 0.00000933 lr [0.0025].

Epoch: [27/100](26.98%) [600/612] Data 0.000 (0.012) Batch 0.006 (0.018) Remain 00:13:29 Loss1 0.00001584 Loss2 0.00000973 lr [0.0025].

Loss_train: 0.0000542228
Best loss: 5.42228090036552e-05  Best Epoch: 27
Epoch: [28/100](27.08%) [50/612] Data 0.000 (0.148) Batch 0.006 (0.154) Remain 01:54:42 Loss1 0.00001959 Loss2 0.00000946 lr [0.0025].

Epoch: [28/100](27.16%) [100/612] Data 0.000 (0.074) Batch 0.006 (0.080) Remain 00:59:27 Loss1 0.00000914 Loss2 0.00001272 lr [0.0025].

Epoch: [28/100](27.25%) [150/612] Data 0.000 (0.050) Batch 0.006 (0.055) Remain 00:41:03 Loss1 0.00002596 Loss2 0.00001820 lr [0.0025].

Epoch: [28/100](27.33%) [200/612] Data 0.000 (0.037) Batch 0.006 (0.043) Remain 00:31:52 Loss1 0.00006704 Loss2 0.00072573 lr [0.0025].

Epoch: [28/100](27.41%) [250/612] Data 0.000 (0.030) Batch 0.005 (0.036) Remain 00:26:20 Loss1 0.00009132 Loss2 0.00009734 lr [0.0025].

Epoch: [28/100](27.49%) [300/612] Data 0.000 (0.025) Batch 0.006 (0.031) Remain 00:22:39 Loss1 0.00010036 Loss2 0.00005027 lr [0.0025].

Epoch: [28/100](27.57%) [350/612] Data 0.000 (0.021) Batch 0.006 (0.027) Remain 00:20:00 Loss1 0.00001135 Loss2 0.00003316 lr [0.0025].

Epoch: [28/100](27.65%) [400/612] Data 0.000 (0.019) Batch 0.005 (0.024) Remain 00:18:02 Loss1 0.00004971 Loss2 0.00003914 lr [0.0025].

Epoch: [28/100](27.74%) [450/612] Data 0.001 (0.017) Batch 0.005 (0.022) Remain 00:16:30 Loss1 0.00004713 Loss2 0.00002729 lr [0.0025].

Epoch: [28/100](27.82%) [500/612] Data 0.000 (0.015) Batch 0.005 (0.021) Remain 00:15:16 Loss1 0.00023568 Loss2 0.00001843 lr [0.0025].

Epoch: [28/100](27.90%) [550/612] Data 0.000 (0.014) Batch 0.005 (0.019) Remain 00:14:15 Loss1 0.00002835 Loss2 0.00001316 lr [0.0025].

Epoch: [28/100](27.98%) [600/612] Data 0.000 (0.013) Batch 0.006 (0.018) Remain 00:13:24 Loss1 0.00000632 Loss2 0.00001935 lr [0.0025].

Loss_train: 0.0020395458
Best loss: 5.42228090036552e-05  Best Epoch: 27
Epoch: [29/100](28.08%) [50/612] Data 0.000 (0.148) Batch 0.006 (0.153) Remain 01:52:27 Loss1 0.00001945 Loss2 0.00001093 lr [0.0025].

Epoch: [29/100](28.16%) [100/612] Data 0.000 (0.074) Batch 0.005 (0.080) Remain 00:58:19 Loss1 0.00002914 Loss2 0.00001201 lr [0.0025].

Epoch: [29/100](28.25%) [150/612] Data 0.000 (0.049) Batch 0.005 (0.055) Remain 00:40:15 Loss1 0.00001068 Loss2 0.00004784 lr [0.0025].

Epoch: [29/100](28.33%) [200/612] Data 0.000 (0.037) Batch 0.006 (0.043) Remain 00:31:14 Loss1 0.00000430 Loss2 0.00002449 lr [0.0025].

Epoch: [29/100](28.41%) [250/612] Data 0.000 (0.030) Batch 0.006 (0.035) Remain 00:25:48 Loss1 0.00000526 Loss2 0.00002168 lr [0.0025].

Epoch: [29/100](28.49%) [300/612] Data 0.000 (0.025) Batch 0.006 (0.030) Remain 00:22:12 Loss1 0.00000630 Loss2 0.00002099 lr [0.0025].

Epoch: [29/100](28.57%) [350/612] Data 0.000 (0.021) Batch 0.006 (0.027) Remain 00:19:37 Loss1 0.00004472 Loss2 0.00002557 lr [0.0025].

Epoch: [29/100](28.65%) [400/612] Data 0.000 (0.019) Batch 0.006 (0.024) Remain 00:17:40 Loss1 0.00001024 Loss2 0.00001815 lr [0.0025].

Epoch: [29/100](28.74%) [450/612] Data 0.000 (0.017) Batch 0.005 (0.022) Remain 00:16:09 Loss1 0.00002342 Loss2 0.00020781 lr [0.0025].

Epoch: [29/100](28.82%) [500/612] Data 0.000 (0.015) Batch 0.006 (0.021) Remain 00:14:56 Loss1 0.00000879 Loss2 0.00009565 lr [0.0025].

Epoch: [29/100](28.90%) [550/612] Data 0.000 (0.014) Batch 0.005 (0.019) Remain 00:13:57 Loss1 0.00000601 Loss2 0.00002596 lr [0.0025].

Epoch: [29/100](28.98%) [600/612] Data 0.000 (0.013) Batch 0.005 (0.018) Remain 00:13:07 Loss1 0.00003684 Loss2 0.00007159 lr [0.0025].

Loss_train: 0.0001824057
Best loss: 5.42228090036552e-05  Best Epoch: 27
Epoch: [30/100](29.08%) [50/612] Data 0.000 (0.150) Batch 0.007 (0.156) Remain 01:52:55 Loss1 0.00002803 Loss2 0.00002282 lr [0.0025].

Epoch: [30/100](29.16%) [100/612] Data 0.000 (0.075) Batch 0.006 (0.081) Remain 00:58:32 Loss1 0.00001325 Loss2 0.00006080 lr [0.0025].

Epoch: [30/100](29.25%) [150/612] Data 0.000 (0.050) Batch 0.005 (0.056) Remain 00:40:24 Loss1 0.00001471 Loss2 0.00003923 lr [0.0025].

Epoch: [30/100](29.33%) [200/612] Data 0.000 (0.038) Batch 0.006 (0.043) Remain 00:31:19 Loss1 0.00001273 Loss2 0.00049928 lr [0.0025].

Epoch: [30/100](29.41%) [250/612] Data 0.000 (0.030) Batch 0.006 (0.036) Remain 00:25:52 Loss1 0.00001107 Loss2 0.00002150 lr [0.0025].

Epoch: [30/100](29.49%) [300/612] Data 0.000 (0.025) Batch 0.006 (0.031) Remain 00:22:14 Loss1 0.00001332 Loss2 0.00002565 lr [0.0025].

Epoch: [30/100](29.57%) [350/612] Data 0.000 (0.022) Batch 0.006 (0.027) Remain 00:19:38 Loss1 0.00003965 Loss2 0.00001292 lr [0.0025].

Epoch: [30/100](29.65%) [400/612] Data 0.000 (0.019) Batch 0.006 (0.025) Remain 00:17:41 Loss1 0.00004982 Loss2 0.00000899 lr [0.0025].

Epoch: [30/100](29.74%) [450/612] Data 0.000 (0.017) Batch 0.006 (0.023) Remain 00:16:10 Loss1 0.00000429 Loss2 0.00003386 lr [0.0025].

Epoch: [30/100](29.82%) [500/612] Data 0.000 (0.015) Batch 0.006 (0.021) Remain 00:14:57 Loss1 0.00000585 Loss2 0.00003833 lr [0.0025].

Epoch: [30/100](29.90%) [550/612] Data 0.000 (0.014) Batch 0.006 (0.020) Remain 00:13:57 Loss1 0.00000844 Loss2 0.00000993 lr [0.0025].

Epoch: [30/100](29.98%) [600/612] Data 0.000 (0.013) Batch 0.007 (0.018) Remain 00:13:08 Loss1 0.00002544 Loss2 0.00000970 lr [0.0025].

Loss_train: 0.0000714795
Best loss: 5.42228090036552e-05  Best Epoch: 27
Epoch: [31/100](30.08%) [50/612] Data 0.000 (0.143) Batch 0.007 (0.150) Remain 01:46:39 Loss1 0.00002967 Loss2 0.00003622 lr [0.00125].

Epoch: [31/100](30.16%) [100/612] Data 0.000 (0.072) Batch 0.006 (0.078) Remain 00:55:27 Loss1 0.00011355 Loss2 0.00000945 lr [0.00125].

Epoch: [31/100](30.25%) [150/612] Data 0.000 (0.048) Batch 0.006 (0.054) Remain 00:38:19 Loss1 0.00001587 Loss2 0.00001030 lr [0.00125].

Epoch: [31/100](30.33%) [200/612] Data 0.000 (0.036) Batch 0.005 (0.042) Remain 00:29:44 Loss1 0.00000633 Loss2 0.00001665 lr [0.00125].

Epoch: [31/100](30.41%) [250/612] Data 0.000 (0.029) Batch 0.007 (0.035) Remain 00:24:37 Loss1 0.00000640 Loss2 0.00001132 lr [0.00125].

Epoch: [31/100](30.49%) [300/612] Data 0.000 (0.024) Batch 0.005 (0.030) Remain 00:21:11 Loss1 0.00000515 Loss2 0.00004350 lr [0.00125].

Epoch: [31/100](30.57%) [350/612] Data 0.000 (0.021) Batch 0.007 (0.026) Remain 00:18:45 Loss1 0.00001035 Loss2 0.00000561 lr [0.00125].

Epoch: [31/100](30.65%) [400/612] Data 0.000 (0.018) Batch 0.006 (0.024) Remain 00:16:56 Loss1 0.00001417 Loss2 0.00000686 lr [0.00125].

Epoch: [31/100](30.74%) [450/612] Data 0.001 (0.016) Batch 0.006 (0.022) Remain 00:15:30 Loss1 0.00000578 Loss2 0.00001047 lr [0.00125].

Epoch: [31/100](30.82%) [500/612] Data 0.000 (0.015) Batch 0.006 (0.020) Remain 00:14:22 Loss1 0.00000435 Loss2 0.00001660 lr [0.00125].

Epoch: [31/100](30.90%) [550/612] Data 0.000 (0.013) Batch 0.006 (0.019) Remain 00:13:27 Loss1 0.00001629 Loss2 0.00001291 lr [0.00125].

Epoch: [31/100](30.98%) [600/612] Data 0.000 (0.012) Batch 0.007 (0.018) Remain 00:12:40 Loss1 0.00004129 Loss2 0.00001025 lr [0.00125].

Loss_train: 0.0000448061
Best loss: 4.4806143991946544e-05  Best Epoch: 31
Epoch: [32/100](31.08%) [50/612] Data 0.000 (0.144) Batch 0.006 (0.150) Remain 01:45:25 Loss1 0.00000362 Loss2 0.00001398 lr [0.00125].

Epoch: [32/100](31.16%) [100/612] Data 0.000 (0.072) Batch 0.006 (0.078) Remain 00:54:45 Loss1 0.00001041 Loss2 0.00001661 lr [0.00125].

Epoch: [32/100](31.25%) [150/612] Data 0.000 (0.048) Batch 0.005 (0.054) Remain 00:37:50 Loss1 0.00000913 Loss2 0.00001782 lr [0.00125].

Epoch: [32/100](31.33%) [200/612] Data 0.000 (0.036) Batch 0.006 (0.042) Remain 00:29:24 Loss1 0.00000384 Loss2 0.00000915 lr [0.00125].

Epoch: [32/100](31.41%) [250/612] Data 0.000 (0.029) Batch 0.005 (0.035) Remain 00:24:19 Loss1 0.00000977 Loss2 0.00001425 lr [0.00125].

Epoch: [32/100](31.49%) [300/612] Data 0.000 (0.024) Batch 0.007 (0.030) Remain 00:20:57 Loss1 0.00000706 Loss2 0.00001729 lr [0.00125].

Epoch: [32/100](31.57%) [350/612] Data 0.001 (0.021) Batch 0.005 (0.027) Remain 00:18:30 Loss1 0.00001480 Loss2 0.00008770 lr [0.00125].

Epoch: [32/100](31.65%) [400/612] Data 0.000 (0.018) Batch 0.006 (0.024) Remain 00:16:41 Loss1 0.00002761 Loss2 0.00000924 lr [0.00125].

Epoch: [32/100](31.74%) [450/612] Data 0.000 (0.016) Batch 0.006 (0.022) Remain 00:15:16 Loss1 0.00007980 Loss2 0.00001122 lr [0.00125].

Epoch: [32/100](31.82%) [500/612] Data 0.000 (0.015) Batch 0.006 (0.020) Remain 00:14:08 Loss1 0.00001655 Loss2 0.00001834 lr [0.00125].

Epoch: [32/100](31.90%) [550/612] Data 0.000 (0.013) Batch 0.005 (0.019) Remain 00:13:12 Loss1 0.00000886 Loss2 0.00001150 lr [0.00125].

Epoch: [32/100](31.98%) [600/612] Data 0.000 (0.012) Batch 0.007 (0.018) Remain 00:12:26 Loss1 0.00003668 Loss2 0.00002201 lr [0.00125].

Loss_train: 0.0000814453
Best loss: 4.4806143991946544e-05  Best Epoch: 31
Epoch: [33/100](32.08%) [50/612] Data 0.000 (0.146) Batch 0.006 (0.152) Remain 01:44:59 Loss1 0.00007880 Loss2 0.00000802 lr [0.00125].

Epoch: [33/100](32.16%) [100/612] Data 0.000 (0.073) Batch 0.006 (0.079) Remain 00:54:27 Loss1 0.00002804 Loss2 0.00000877 lr [0.00125].

Epoch: [33/100](32.25%) [150/612] Data 0.000 (0.049) Batch 0.006 (0.055) Remain 00:37:46 Loss1 0.00000620 Loss2 0.00000805 lr [0.00125].

Epoch: [33/100](32.33%) [200/612] Data 0.000 (0.037) Batch 0.006 (0.042) Remain 00:29:18 Loss1 0.00001073 Loss2 0.00001277 lr [0.00125].

Epoch: [33/100](32.41%) [250/612] Data 0.000 (0.030) Batch 0.006 (0.035) Remain 00:24:18 Loss1 0.00000569 Loss2 0.00004375 lr [0.00125].

Epoch: [33/100](32.49%) [300/612] Data 0.000 (0.025) Batch 0.005 (0.030) Remain 00:20:55 Loss1 0.00000920 Loss2 0.00001344 lr [0.00125].

Epoch: [33/100](32.57%) [350/612] Data 0.000 (0.021) Batch 0.005 (0.027) Remain 00:18:28 Loss1 0.00000893 Loss2 0.00002089 lr [0.00125].

Epoch: [33/100](32.65%) [400/612] Data 0.000 (0.019) Batch 0.005 (0.024) Remain 00:16:39 Loss1 0.00000545 Loss2 0.00003421 lr [0.00125].

Epoch: [33/100](32.74%) [450/612] Data 0.000 (0.017) Batch 0.006 (0.022) Remain 00:15:14 Loss1 0.00000540 Loss2 0.00005437 lr [0.00125].

Epoch: [33/100](32.82%) [500/612] Data 0.000 (0.015) Batch 0.006 (0.021) Remain 00:14:06 Loss1 0.00000605 Loss2 0.00000800 lr [0.00125].

Epoch: [33/100](32.90%) [550/612] Data 0.000 (0.014) Batch 0.006 (0.019) Remain 00:13:10 Loss1 0.00000543 Loss2 0.00002574 lr [0.00125].

Epoch: [33/100](32.98%) [600/612] Data 0.000 (0.013) Batch 0.006 (0.018) Remain 00:12:23 Loss1 0.00000524 Loss2 0.00000788 lr [0.00125].

Loss_train: 0.0000489638
Best loss: 4.4806143991946544e-05  Best Epoch: 31
Epoch: [34/100](33.08%) [50/612] Data 0.000 (0.147) Batch 0.007 (0.154) Remain 01:44:55 Loss1 0.00007154 Loss2 0.00004446 lr [0.00125].

Epoch: [34/100](33.16%) [100/612] Data 0.000 (0.074) Batch 0.006 (0.080) Remain 00:54:42 Loss1 0.00004324 Loss2 0.00002280 lr [0.00125].

Epoch: [34/100](33.25%) [150/612] Data 0.000 (0.049) Batch 0.007 (0.056) Remain 00:37:57 Loss1 0.00001793 Loss2 0.00003650 lr [0.00125].

Epoch: [34/100](33.33%) [200/612] Data 0.000 (0.037) Batch 0.005 (0.043) Remain 00:29:27 Loss1 0.00002162 Loss2 0.00003669 lr [0.00125].

Epoch: [34/100](33.41%) [250/612] Data 0.000 (0.030) Batch 0.006 (0.036) Remain 00:24:20 Loss1 0.00000975 Loss2 0.00002013 lr [0.00125].

Epoch: [34/100](33.49%) [300/612] Data 0.000 (0.025) Batch 0.005 (0.031) Remain 00:20:55 Loss1 0.00001938 Loss2 0.00009473 lr [0.00125].

Epoch: [34/100](33.57%) [350/612] Data 0.000 (0.021) Batch 0.006 (0.027) Remain 00:18:28 Loss1 0.00002165 Loss2 0.00002316 lr [0.00125].

Epoch: [34/100](33.65%) [400/612] Data 0.000 (0.019) Batch 0.006 (0.025) Remain 00:16:39 Loss1 0.00001936 Loss2 0.00001969 lr [0.00125].

Epoch: [34/100](33.74%) [450/612] Data 0.000 (0.017) Batch 0.007 (0.023) Remain 00:15:14 Loss1 0.00002657 Loss2 0.00002916 lr [0.00125].

Epoch: [34/100](33.82%) [500/612] Data 0.000 (0.015) Batch 0.007 (0.021) Remain 00:14:05 Loss1 0.00000827 Loss2 0.00001034 lr [0.00125].

Epoch: [34/100](33.90%) [550/612] Data 0.000 (0.014) Batch 0.005 (0.020) Remain 00:13:09 Loss1 0.00000518 Loss2 0.00001600 lr [0.00125].

Epoch: [34/100](33.98%) [600/612] Data 0.000 (0.013) Batch 0.007 (0.018) Remain 00:12:24 Loss1 0.00000621 Loss2 0.00001507 lr [0.00125].

Loss_train: 0.0012815740
Best loss: 4.4806143991946544e-05  Best Epoch: 31
Epoch: [35/100](34.08%) [50/612] Data 0.000 (0.146) Batch 0.006 (0.152) Remain 01:41:54 Loss1 0.00000504 Loss2 0.00002516 lr [0.00125].

Epoch: [35/100](34.16%) [100/612] Data 0.000 (0.073) Batch 0.006 (0.079) Remain 00:52:52 Loss1 0.00001802 Loss2 0.00004376 lr [0.00125].

Epoch: [35/100](34.25%) [150/612] Data 0.000 (0.049) Batch 0.005 (0.054) Remain 00:36:30 Loss1 0.00000823 Loss2 0.00002953 lr [0.00125].

Epoch: [35/100](34.33%) [200/612] Data 0.000 (0.037) Batch 0.006 (0.042) Remain 00:28:19 Loss1 0.00000875 Loss2 0.00003505 lr [0.00125].

Epoch: [35/100](34.41%) [250/612] Data 0.000 (0.029) Batch 0.005 (0.035) Remain 00:23:25 Loss1 0.00000647 Loss2 0.00000906 lr [0.00125].

Epoch: [35/100](34.49%) [300/612] Data 0.000 (0.025) Batch 0.006 (0.030) Remain 00:20:09 Loss1 0.00000690 Loss2 0.00001188 lr [0.00125].

Epoch: [35/100](34.57%) [350/612] Data 0.000 (0.021) Batch 0.005 (0.027) Remain 00:17:49 Loss1 0.00001002 Loss2 0.00001293 lr [0.00125].

Epoch: [35/100](34.65%) [400/612] Data 0.000 (0.019) Batch 0.006 (0.024) Remain 00:16:03 Loss1 0.00000405 Loss2 0.00007052 lr [0.00125].

Epoch: [35/100](34.74%) [450/612] Data 0.000 (0.017) Batch 0.006 (0.022) Remain 00:14:41 Loss1 0.00000489 Loss2 0.00001660 lr [0.00125].

Epoch: [35/100](34.82%) [500/612] Data 0.000 (0.015) Batch 0.006 (0.020) Remain 00:13:35 Loss1 0.00000894 Loss2 0.00008985 lr [0.00125].

Epoch: [35/100](34.90%) [550/612] Data 0.000 (0.014) Batch 0.005 (0.019) Remain 00:12:41 Loss1 0.00001085 Loss2 0.00004138 lr [0.00125].

Epoch: [35/100](34.98%) [600/612] Data 0.000 (0.012) Batch 0.007 (0.018) Remain 00:11:56 Loss1 0.00000762 Loss2 0.00002550 lr [0.00125].

Loss_train: 0.0000855946
Best loss: 4.4806143991946544e-05  Best Epoch: 31
Epoch: [36/100](35.08%) [50/612] Data 0.000 (0.150) Batch 0.006 (0.156) Remain 01:42:58 Loss1 0.00000903 Loss2 0.00001439 lr [0.00125].

Epoch: [36/100](35.16%) [100/612] Data 0.000 (0.075) Batch 0.007 (0.081) Remain 00:53:23 Loss1 0.00000504 Loss2 0.00009476 lr [0.00125].

Epoch: [36/100](35.25%) [150/612] Data 0.000 (0.050) Batch 0.006 (0.056) Remain 00:36:50 Loss1 0.00001655 Loss2 0.00001622 lr [0.00125].

Epoch: [36/100](35.33%) [200/612] Data 0.000 (0.038) Batch 0.007 (0.043) Remain 00:28:33 Loss1 0.00001200 Loss2 0.00001080 lr [0.00125].

Epoch: [36/100](35.41%) [250/612] Data 0.000 (0.030) Batch 0.007 (0.036) Remain 00:23:36 Loss1 0.00002152 Loss2 0.00001805 lr [0.00125].

Epoch: [36/100](35.49%) [300/612] Data 0.000 (0.025) Batch 0.006 (0.031) Remain 00:20:17 Loss1 0.00000657 Loss2 0.00001237 lr [0.00125].

Epoch: [36/100](35.57%) [350/612] Data 0.000 (0.022) Batch 0.011 (0.027) Remain 00:17:57 Loss1 0.00001225 Loss2 0.00004939 lr [0.00125].

Epoch: [36/100](35.65%) [400/612] Data 0.000 (0.019) Batch 0.006 (0.025) Remain 00:16:13 Loss1 0.00002988 Loss2 0.00001902 lr [0.00125].

Epoch: [36/100](35.74%) [450/612] Data 0.000 (0.017) Batch 0.005 (0.023) Remain 00:14:49 Loss1 0.00000696 Loss2 0.00001281 lr [0.00125].

Epoch: [36/100](35.82%) [500/612] Data 0.000 (0.015) Batch 0.006 (0.021) Remain 00:13:43 Loss1 0.00000460 Loss2 0.00004124 lr [0.00125].

Epoch: [36/100](35.90%) [550/612] Data 0.000 (0.014) Batch 0.007 (0.020) Remain 00:12:48 Loss1 0.00000271 Loss2 0.00005085 lr [0.00125].

Epoch: [36/100](35.98%) [600/612] Data 0.000 (0.013) Batch 0.006 (0.018) Remain 00:12:04 Loss1 0.00000229 Loss2 0.00001747 lr [0.00125].

Loss_train: 0.0000379919
Best loss: 3.7991854219473405e-05  Best Epoch: 36
Epoch: [37/100](36.08%) [50/612] Data 0.000 (0.143) Batch 0.005 (0.149) Remain 01:36:52 Loss1 0.00000216 Loss2 0.00003714 lr [0.00125].

Epoch: [37/100](36.16%) [100/612] Data 0.000 (0.072) Batch 0.005 (0.077) Remain 00:50:18 Loss1 0.00001001 Loss2 0.00001836 lr [0.00125].

Epoch: [37/100](36.25%) [150/612] Data 0.000 (0.048) Batch 0.007 (0.053) Remain 00:34:44 Loss1 0.00000779 Loss2 0.00001010 lr [0.00125].

Epoch: [37/100](36.33%) [200/612] Data 0.000 (0.036) Batch 0.006 (0.042) Remain 00:26:59 Loss1 0.00001165 Loss2 0.00002976 lr [0.00125].

Epoch: [37/100](36.41%) [250/612] Data 0.000 (0.029) Batch 0.006 (0.034) Remain 00:22:19 Loss1 0.00000684 Loss2 0.00001058 lr [0.00125].

Epoch: [37/100](36.49%) [300/612] Data 0.000 (0.024) Batch 0.006 (0.030) Remain 00:19:13 Loss1 0.00000210 Loss2 0.00000788 lr [0.00125].

Epoch: [37/100](36.57%) [350/612] Data 0.000 (0.021) Batch 0.006 (0.026) Remain 00:16:59 Loss1 0.00000377 Loss2 0.00000513 lr [0.00125].

Epoch: [37/100](36.65%) [400/612] Data 0.000 (0.018) Batch 0.005 (0.024) Remain 00:15:19 Loss1 0.00001678 Loss2 0.00001636 lr [0.00125].

Epoch: [37/100](36.74%) [450/612] Data 0.000 (0.016) Batch 0.005 (0.022) Remain 00:14:01 Loss1 0.00000476 Loss2 0.00001390 lr [0.00125].

Epoch: [37/100](36.82%) [500/612] Data 0.000 (0.015) Batch 0.005 (0.020) Remain 00:12:59 Loss1 0.00000574 Loss2 0.00000968 lr [0.00125].

Epoch: [37/100](36.90%) [550/612] Data 0.000 (0.013) Batch 0.005 (0.019) Remain 00:12:08 Loss1 0.00000490 Loss2 0.00000904 lr [0.00125].

Epoch: [37/100](36.98%) [600/612] Data 0.000 (0.012) Batch 0.005 (0.018) Remain 00:11:25 Loss1 0.00000298 Loss2 0.00000928 lr [0.00125].

Loss_train: 0.0000317232
Best loss: 3.17231981363884e-05  Best Epoch: 37
Epoch: [38/100](37.08%) [50/612] Data 0.000 (0.149) Batch 0.007 (0.155) Remain 01:39:26 Loss1 0.00000309 Loss2 0.00001345 lr [0.00125].

Epoch: [38/100](37.16%) [100/612] Data 0.000 (0.075) Batch 0.005 (0.080) Remain 00:51:31 Loss1 0.00000317 Loss2 0.00000519 lr [0.00125].

Epoch: [38/100](37.25%) [150/612] Data 0.000 (0.050) Batch 0.006 (0.056) Remain 00:35:32 Loss1 0.00000936 Loss2 0.00001349 lr [0.00125].

Epoch: [38/100](37.33%) [200/612] Data 0.000 (0.038) Batch 0.005 (0.043) Remain 00:27:33 Loss1 0.00000425 Loss2 0.00001072 lr [0.00125].

Epoch: [38/100](37.41%) [250/612] Data 0.000 (0.030) Batch 0.006 (0.036) Remain 00:22:46 Loss1 0.00000522 Loss2 0.00001098 lr [0.00125].

Epoch: [38/100](37.49%) [300/612] Data 0.000 (0.025) Batch 0.006 (0.031) Remain 00:19:34 Loss1 0.00000259 Loss2 0.00000527 lr [0.00125].

Epoch: [38/100](37.57%) [350/612] Data 0.000 (0.022) Batch 0.006 (0.027) Remain 00:17:17 Loss1 0.00000274 Loss2 0.00001149 lr [0.00125].

Epoch: [38/100](37.65%) [400/612] Data 0.000 (0.019) Batch 0.006 (0.024) Remain 00:15:34 Loss1 0.00000258 Loss2 0.00000774 lr [0.00125].

Epoch: [38/100](37.74%) [450/612] Data 0.000 (0.017) Batch 0.005 (0.022) Remain 00:14:14 Loss1 0.00000334 Loss2 0.00001652 lr [0.00125].

Epoch: [38/100](37.82%) [500/612] Data 0.000 (0.015) Batch 0.006 (0.021) Remain 00:13:10 Loss1 0.00000728 Loss2 0.00001375 lr [0.00125].

Epoch: [38/100](37.90%) [550/612] Data 0.000 (0.014) Batch 0.005 (0.019) Remain 00:12:18 Loss1 0.00000510 Loss2 0.00001722 lr [0.00125].

Epoch: [38/100](37.98%) [600/612] Data 0.000 (0.013) Batch 0.005 (0.018) Remain 00:11:34 Loss1 0.00000705 Loss2 0.00000739 lr [0.00125].

Loss_train: 0.0000230282
Best loss: 2.3028243108783024e-05  Best Epoch: 38
Epoch: [39/100](38.08%) [50/612] Data 0.000 (0.146) Batch 0.004 (0.152) Remain 01:35:43 Loss1 0.00000316 Loss2 0.00001912 lr [0.00125].

Epoch: [39/100](38.16%) [100/612] Data 0.000 (0.073) Batch 0.006 (0.079) Remain 00:49:43 Loss1 0.00000307 Loss2 0.00000581 lr [0.00125].

Epoch: [39/100](38.25%) [150/612] Data 0.000 (0.049) Batch 0.006 (0.055) Remain 00:34:22 Loss1 0.00000441 Loss2 0.00000749 lr [0.00125].

Epoch: [39/100](38.33%) [200/612] Data 0.000 (0.037) Batch 0.006 (0.042) Remain 00:26:39 Loss1 0.00001235 Loss2 0.00001082 lr [0.00125].

Epoch: [39/100](38.41%) [250/612] Data 0.001 (0.029) Batch 0.006 (0.035) Remain 00:22:01 Loss1 0.00000578 Loss2 0.00001062 lr [0.00125].

Epoch: [39/100](38.49%) [300/612] Data 0.000 (0.025) Batch 0.006 (0.030) Remain 00:18:56 Loss1 0.00000319 Loss2 0.00001014 lr [0.00125].

Epoch: [39/100](38.57%) [350/612] Data 0.000 (0.021) Batch 0.006 (0.027) Remain 00:16:44 Loss1 0.00000626 Loss2 0.00000494 lr [0.00125].

Epoch: [39/100](38.65%) [400/612] Data 0.000 (0.019) Batch 0.006 (0.024) Remain 00:15:07 Loss1 0.00000301 Loss2 0.00000647 lr [0.00125].

Epoch: [39/100](38.74%) [450/612] Data 0.000 (0.017) Batch 0.008 (0.022) Remain 00:13:53 Loss1 0.00000710 Loss2 0.00000920 lr [0.00125].

Epoch: [39/100](38.82%) [500/612] Data 0.000 (0.015) Batch 0.005 (0.021) Remain 00:12:51 Loss1 0.00000516 Loss2 0.00000668 lr [0.00125].

Epoch: [39/100](38.90%) [550/612] Data 0.000 (0.014) Batch 0.006 (0.019) Remain 00:12:01 Loss1 0.00001743 Loss2 0.00000734 lr [0.00125].

Epoch: [39/100](38.98%) [600/612] Data 0.000 (0.012) Batch 0.005 (0.018) Remain 00:11:18 Loss1 0.00000286 Loss2 0.00000489 lr [0.00125].

Loss_train: 0.0000216739
Best loss: 2.1673945388156842e-05  Best Epoch: 39
Epoch: [40/100](39.08%) [50/612] Data 0.000 (0.148) Batch 0.005 (0.153) Remain 01:35:12 Loss1 0.00000436 Loss2 0.00000729 lr [0.00125].

Epoch: [40/100](39.16%) [100/612] Data 0.000 (0.074) Batch 0.006 (0.080) Remain 00:49:20 Loss1 0.00000862 Loss2 0.00000639 lr [0.00125].

Epoch: [40/100](39.25%) [150/612] Data 0.000 (0.049) Batch 0.006 (0.055) Remain 00:34:04 Loss1 0.00000293 Loss2 0.00002754 lr [0.00125].

Epoch: [40/100](39.33%) [200/612] Data 0.000 (0.037) Batch 0.005 (0.043) Remain 00:26:25 Loss1 0.00001176 Loss2 0.00000585 lr [0.00125].

Epoch: [40/100](39.41%) [250/612] Data 0.000 (0.030) Batch 0.006 (0.035) Remain 00:21:50 Loss1 0.00000225 Loss2 0.00000433 lr [0.00125].

Epoch: [40/100](39.49%) [300/612] Data 0.000 (0.025) Batch 0.006 (0.030) Remain 00:18:45 Loss1 0.00000420 Loss2 0.00000481 lr [0.00125].

Epoch: [40/100](39.57%) [350/612] Data 0.000 (0.021) Batch 0.006 (0.027) Remain 00:16:34 Loss1 0.00000623 Loss2 0.00001633 lr [0.00125].

Epoch: [40/100](39.65%) [400/612] Data 0.000 (0.019) Batch 0.006 (0.024) Remain 00:14:55 Loss1 0.00003323 Loss2 0.00000654 lr [0.00125].

Epoch: [40/100](39.74%) [450/612] Data 0.000 (0.017) Batch 0.006 (0.022) Remain 00:13:38 Loss1 0.00000138 Loss2 0.00000660 lr [0.00125].

Epoch: [40/100](39.82%) [500/612] Data 0.000 (0.015) Batch 0.006 (0.021) Remain 00:12:36 Loss1 0.00000125 Loss2 0.00000796 lr [0.00125].

Epoch: [40/100](39.90%) [550/612] Data 0.000 (0.014) Batch 0.006 (0.019) Remain 00:11:46 Loss1 0.00000129 Loss2 0.00000563 lr [0.00125].

Epoch: [40/100](39.98%) [600/612] Data 0.000 (0.013) Batch 0.006 (0.018) Remain 00:11:04 Loss1 0.00006821 Loss2 0.00000643 lr [0.00125].

Loss_train: 0.0000445492
Best loss: 2.1673945388156842e-05  Best Epoch: 39
Epoch: [41/100](40.08%) [50/612] Data 0.000 (0.143) Batch 0.006 (0.149) Remain 01:31:14 Loss1 0.00001149 Loss2 0.00000949 lr [0.000625].

Epoch: [41/100](40.16%) [100/612] Data 0.000 (0.072) Batch 0.006 (0.078) Remain 00:47:20 Loss1 0.00000282 Loss2 0.00000685 lr [0.000625].

Epoch: [41/100](40.25%) [150/612] Data 0.000 (0.048) Batch 0.007 (0.054) Remain 00:32:41 Loss1 0.00000275 Loss2 0.00000777 lr [0.000625].

Epoch: [41/100](40.33%) [200/612] Data 0.000 (0.036) Batch 0.005 (0.042) Remain 00:25:23 Loss1 0.00000383 Loss2 0.00001404 lr [0.000625].

Epoch: [41/100](40.41%) [250/612] Data 0.000 (0.029) Batch 0.005 (0.035) Remain 00:20:59 Loss1 0.00000828 Loss2 0.00002960 lr [0.000625].

Epoch: [41/100](40.49%) [300/612] Data 0.000 (0.024) Batch 0.005 (0.030) Remain 00:18:03 Loss1 0.00000646 Loss2 0.00001987 lr [0.000625].

Epoch: [41/100](40.57%) [350/612] Data 0.000 (0.021) Batch 0.006 (0.026) Remain 00:15:58 Loss1 0.00000918 Loss2 0.00002202 lr [0.000625].

Epoch: [41/100](40.65%) [400/612] Data 0.000 (0.018) Batch 0.007 (0.024) Remain 00:14:24 Loss1 0.00000381 Loss2 0.00000937 lr [0.000625].

Epoch: [41/100](40.74%) [450/612] Data 0.000 (0.016) Batch 0.007 (0.022) Remain 00:13:10 Loss1 0.00000315 Loss2 0.00000677 lr [0.000625].

Epoch: [41/100](40.82%) [500/612] Data 0.000 (0.015) Batch 0.007 (0.020) Remain 00:12:11 Loss1 0.00000394 Loss2 0.00001276 lr [0.000625].

Epoch: [41/100](40.90%) [550/612] Data 0.000 (0.013) Batch 0.006 (0.019) Remain 00:11:23 Loss1 0.00000392 Loss2 0.00000965 lr [0.000625].

Epoch: [41/100](40.98%) [600/612] Data 0.000 (0.012) Batch 0.006 (0.018) Remain 00:10:43 Loss1 0.00000402 Loss2 0.00004358 lr [0.000625].

Loss_train: 0.0030173982
Best loss: 2.1673945388156842e-05  Best Epoch: 39
Epoch: [42/100](41.08%) [50/612] Data 0.000 (0.151) Batch 0.005 (0.157) Remain 01:34:18 Loss1 0.00000506 Loss2 0.00003435 lr [0.000625].

Epoch: [42/100](41.16%) [100/612] Data 0.000 (0.076) Batch 0.006 (0.081) Remain 00:48:52 Loss1 0.00000365 Loss2 0.00000929 lr [0.000625].

Epoch: [42/100](41.25%) [150/612] Data 0.000 (0.051) Batch 0.005 (0.056) Remain 00:33:44 Loss1 0.00000387 Loss2 0.00000689 lr [0.000625].

Epoch: [42/100](41.33%) [200/612] Data 0.000 (0.038) Batch 0.006 (0.044) Remain 00:26:09 Loss1 0.00000616 Loss2 0.00000658 lr [0.000625].

Epoch: [42/100](41.41%) [250/612] Data 0.000 (0.031) Batch 0.006 (0.036) Remain 00:21:35 Loss1 0.00000378 Loss2 0.00000587 lr [0.000625].

Epoch: [42/100](41.49%) [300/612] Data 0.000 (0.026) Batch 0.006 (0.031) Remain 00:18:33 Loss1 0.00000334 Loss2 0.00000880 lr [0.000625].

Epoch: [42/100](41.57%) [350/612] Data 0.000 (0.022) Batch 0.006 (0.027) Remain 00:16:22 Loss1 0.00000575 Loss2 0.00000606 lr [0.000625].

Epoch: [42/100](41.65%) [400/612] Data 0.000 (0.019) Batch 0.005 (0.025) Remain 00:14:46 Loss1 0.00000708 Loss2 0.00000554 lr [0.000625].

Epoch: [42/100](41.74%) [450/612] Data 0.000 (0.017) Batch 0.006 (0.023) Remain 00:13:29 Loss1 0.00000443 Loss2 0.00001096 lr [0.000625].

Epoch: [42/100](41.82%) [500/612] Data 0.000 (0.015) Batch 0.005 (0.021) Remain 00:12:28 Loss1 0.00000264 Loss2 0.00007311 lr [0.000625].

Epoch: [42/100](41.90%) [550/612] Data 0.000 (0.014) Batch 0.005 (0.020) Remain 00:11:38 Loss1 0.00000233 Loss2 0.00001041 lr [0.000625].

Epoch: [42/100](41.98%) [600/612] Data 0.000 (0.013) Batch 0.006 (0.019) Remain 00:10:57 Loss1 0.00000793 Loss2 0.00001083 lr [0.000625].

Loss_train: 0.0000223260
Best loss: 2.1673945388156842e-05  Best Epoch: 39
Epoch: [43/100](42.08%) [50/612] Data 0.000 (0.142) Batch 0.006 (0.148) Remain 01:27:33 Loss1 0.00000259 Loss2 0.00001079 lr [0.000625].

Epoch: [43/100](42.16%) [100/612] Data 0.000 (0.071) Batch 0.006 (0.077) Remain 00:45:26 Loss1 0.00000273 Loss2 0.00000885 lr [0.000625].

Epoch: [43/100](42.25%) [150/612] Data 0.000 (0.048) Batch 0.006 (0.053) Remain 00:31:24 Loss1 0.00000208 Loss2 0.00002930 lr [0.000625].

Epoch: [43/100](42.33%) [200/612] Data 0.000 (0.036) Batch 0.005 (0.041) Remain 00:24:22 Loss1 0.00000927 Loss2 0.00001442 lr [0.000625].

Epoch: [43/100](42.41%) [250/612] Data 0.000 (0.029) Batch 0.006 (0.034) Remain 00:20:09 Loss1 0.00000455 Loss2 0.00000726 lr [0.000625].

Epoch: [43/100](42.49%) [300/612] Data 0.000 (0.024) Batch 0.005 (0.030) Remain 00:17:21 Loss1 0.00004225 Loss2 0.00001925 lr [0.000625].

Epoch: [43/100](42.57%) [350/612] Data 0.000 (0.021) Batch 0.006 (0.026) Remain 00:15:20 Loss1 0.00001913 Loss2 0.00000631 lr [0.000625].

Epoch: [43/100](42.65%) [400/612] Data 0.000 (0.018) Batch 0.006 (0.024) Remain 00:13:50 Loss1 0.00000358 Loss2 0.00000677 lr [0.000625].

Epoch: [43/100](42.74%) [450/612] Data 0.000 (0.016) Batch 0.006 (0.022) Remain 00:12:40 Loss1 0.00000395 Loss2 0.00001033 lr [0.000625].

Epoch: [43/100](42.82%) [500/612] Data 0.000 (0.015) Batch 0.006 (0.020) Remain 00:11:43 Loss1 0.00000260 Loss2 0.00000542 lr [0.000625].

Epoch: [43/100](42.90%) [550/612] Data 0.000 (0.013) Batch 0.005 (0.019) Remain 00:10:57 Loss1 0.00000311 Loss2 0.00001095 lr [0.000625].

Epoch: [43/100](42.98%) [600/612] Data 0.000 (0.012) Batch 0.006 (0.018) Remain 00:10:18 Loss1 0.00006488 Loss2 0.00001234 lr [0.000625].

Loss_train: 0.0000382662
Best loss: 2.1673945388156842e-05  Best Epoch: 39
Epoch: [44/100](43.08%) [50/612] Data 0.000 (0.142) Batch 0.007 (0.148) Remain 01:26:00 Loss1 0.00000208 Loss2 0.00005917 lr [0.000625].

Epoch: [44/100](43.16%) [100/612] Data 0.000 (0.071) Batch 0.006 (0.077) Remain 00:44:39 Loss1 0.00000539 Loss2 0.00001073 lr [0.000625].

Epoch: [44/100](43.25%) [150/612] Data 0.000 (0.048) Batch 0.005 (0.053) Remain 00:30:51 Loss1 0.00000314 Loss2 0.00000955 lr [0.000625].

Epoch: [44/100](43.33%) [200/612] Data 0.000 (0.036) Batch 0.006 (0.041) Remain 00:23:57 Loss1 0.00000123 Loss2 0.00000948 lr [0.000625].

Epoch: [44/100](43.41%) [250/612] Data 0.000 (0.029) Batch 0.006 (0.034) Remain 00:19:49 Loss1 0.00000426 Loss2 0.00000732 lr [0.000625].

Epoch: [44/100](43.49%) [300/612] Data 0.000 (0.024) Batch 0.006 (0.030) Remain 00:17:04 Loss1 0.00000281 Loss2 0.00002577 lr [0.000625].

Epoch: [44/100](43.57%) [350/612] Data 0.000 (0.021) Batch 0.005 (0.026) Remain 00:15:05 Loss1 0.00000323 Loss2 0.00001153 lr [0.000625].

Epoch: [44/100](43.65%) [400/612] Data 0.000 (0.018) Batch 0.007 (0.024) Remain 00:13:37 Loss1 0.00001948 Loss2 0.00000766 lr [0.000625].

Epoch: [44/100](43.74%) [450/612] Data 0.000 (0.016) Batch 0.005 (0.022) Remain 00:12:28 Loss1 0.00000404 Loss2 0.00000683 lr [0.000625].

Epoch: [44/100](43.82%) [500/612] Data 0.000 (0.015) Batch 0.006 (0.020) Remain 00:11:32 Loss1 0.00005214 Loss2 0.00000727 lr [0.000625].

Epoch: [44/100](43.90%) [550/612] Data 0.000 (0.013) Batch 0.005 (0.019) Remain 00:10:47 Loss1 0.00000194 Loss2 0.00001545 lr [0.000625].

Epoch: [44/100](43.98%) [600/612] Data 0.000 (0.012) Batch 0.006 (0.018) Remain 00:10:09 Loss1 0.00001330 Loss2 0.00000798 lr [0.000625].

Loss_train: 0.0000273534
Best loss: 2.1673945388156842e-05  Best Epoch: 39
Epoch: [45/100](44.08%) [50/612] Data 0.000 (0.143) Batch 0.005 (0.148) Remain 01:24:38 Loss1 0.00000810 Loss2 0.00001930 lr [0.000625].

Epoch: [45/100](44.16%) [100/612] Data 0.000 (0.071) Batch 0.006 (0.077) Remain 00:43:57 Loss1 0.00001563 Loss2 0.00001852 lr [0.000625].

Epoch: [45/100](44.25%) [150/612] Data 0.000 (0.048) Batch 0.007 (0.053) Remain 00:30:22 Loss1 0.00000225 Loss2 0.00000461 lr [0.000625].

Epoch: [45/100](44.33%) [200/612] Data 0.000 (0.036) Batch 0.007 (0.042) Remain 00:23:34 Loss1 0.00000284 Loss2 0.00000700 lr [0.000625].

Epoch: [45/100](44.41%) [250/612] Data 0.000 (0.029) Batch 0.006 (0.034) Remain 00:19:30 Loss1 0.00000260 Loss2 0.00001518 lr [0.000625].

Epoch: [45/100](44.49%) [300/612] Data 0.000 (0.024) Batch 0.007 (0.030) Remain 00:16:47 Loss1 0.00000203 Loss2 0.00000692 lr [0.000625].

Epoch: [45/100](44.57%) [350/612] Data 0.000 (0.021) Batch 0.006 (0.026) Remain 00:14:50 Loss1 0.00001370 Loss2 0.00000378 lr [0.000625].

Epoch: [45/100](44.65%) [400/612] Data 0.000 (0.018) Batch 0.006 (0.024) Remain 00:13:23 Loss1 0.00000479 Loss2 0.00000922 lr [0.000625].

Epoch: [45/100](44.74%) [450/612] Data 0.000 (0.016) Batch 0.005 (0.022) Remain 00:12:14 Loss1 0.00000527 Loss2 0.00000912 lr [0.000625].

Epoch: [45/100](44.82%) [500/612] Data 0.000 (0.015) Batch 0.006 (0.020) Remain 00:11:20 Loss1 0.00000334 Loss2 0.00000847 lr [0.000625].

Epoch: [45/100](44.90%) [550/612] Data 0.000 (0.013) Batch 0.006 (0.019) Remain 00:10:35 Loss1 0.00000248 Loss2 0.00000362 lr [0.000625].

Epoch: [45/100](44.98%) [600/612] Data 0.000 (0.012) Batch 0.006 (0.018) Remain 00:09:58 Loss1 0.00001560 Loss2 0.00000899 lr [0.000625].

Loss_train: 0.0000178933
Best loss: 1.789326021855017e-05  Best Epoch: 45
Epoch: [46/100](45.08%) [50/612] Data 0.000 (0.143) Batch 0.006 (0.148) Remain 01:23:05 Loss1 0.00000428 Loss2 0.00000516 lr [0.000625].

Epoch: [46/100](45.16%) [100/612] Data 0.000 (0.071) Batch 0.006 (0.077) Remain 00:43:09 Loss1 0.00000407 Loss2 0.00000458 lr [0.000625].

Epoch: [46/100](45.25%) [150/612] Data 0.000 (0.048) Batch 0.006 (0.053) Remain 00:29:49 Loss1 0.00001054 Loss2 0.00000602 lr [0.000625].

Epoch: [46/100](45.33%) [200/612] Data 0.000 (0.036) Batch 0.006 (0.042) Remain 00:23:09 Loss1 0.00000286 Loss2 0.00000469 lr [0.000625].

Epoch: [46/100](45.41%) [250/612] Data 0.000 (0.029) Batch 0.006 (0.034) Remain 00:19:09 Loss1 0.00000159 Loss2 0.00000348 lr [0.000625].

Epoch: [46/100](45.49%) [300/612] Data 0.000 (0.024) Batch 0.005 (0.030) Remain 00:16:28 Loss1 0.00000533 Loss2 0.00001102 lr [0.000625].

Epoch: [46/100](45.57%) [350/612] Data 0.000 (0.021) Batch 0.006 (0.026) Remain 00:14:34 Loss1 0.00000332 Loss2 0.00000675 lr [0.000625].

Epoch: [46/100](45.65%) [400/612] Data 0.000 (0.018) Batch 0.007 (0.024) Remain 00:13:08 Loss1 0.00000821 Loss2 0.00000368 lr [0.000625].

Epoch: [46/100](45.74%) [450/612] Data 0.000 (0.016) Batch 0.006 (0.022) Remain 00:12:01 Loss1 0.00000306 Loss2 0.00000726 lr [0.000625].

Epoch: [46/100](45.82%) [500/612] Data 0.000 (0.015) Batch 0.006 (0.020) Remain 00:11:08 Loss1 0.00000397 Loss2 0.00000335 lr [0.000625].

Epoch: [46/100](45.90%) [550/612] Data 0.000 (0.013) Batch 0.006 (0.019) Remain 00:10:24 Loss1 0.00000231 Loss2 0.00000476 lr [0.000625].

Epoch: [46/100](45.98%) [600/612] Data 0.000 (0.012) Batch 0.005 (0.018) Remain 00:09:47 Loss1 0.00005967 Loss2 0.00001232 lr [0.000625].

Loss_train: 0.0000175629
Best loss: 1.7562859247073292e-05  Best Epoch: 46
Epoch: [47/100](46.08%) [50/612] Data 0.000 (0.142) Batch 0.006 (0.148) Remain 01:21:19 Loss1 0.00000386 Loss2 0.00000459 lr [0.000625].

Epoch: [47/100](46.16%) [100/612] Data 0.000 (0.071) Batch 0.006 (0.077) Remain 00:42:13 Loss1 0.00000197 Loss2 0.00001288 lr [0.000625].

Epoch: [47/100](46.25%) [150/612] Data 0.000 (0.048) Batch 0.006 (0.053) Remain 00:29:11 Loss1 0.00000158 Loss2 0.00000809 lr [0.000625].

Epoch: [47/100](46.33%) [200/612] Data 0.000 (0.036) Batch 0.006 (0.041) Remain 00:22:40 Loss1 0.00000271 Loss2 0.00000581 lr [0.000625].

Epoch: [47/100](46.41%) [250/612] Data 0.000 (0.029) Batch 0.006 (0.034) Remain 00:18:45 Loss1 0.00000211 Loss2 0.00000388 lr [0.000625].

Epoch: [47/100](46.49%) [300/612] Data 0.000 (0.024) Batch 0.005 (0.030) Remain 00:16:08 Loss1 0.00000172 Loss2 0.00001134 lr [0.000625].

Epoch: [47/100](46.57%) [350/612] Data 0.000 (0.021) Batch 0.006 (0.026) Remain 00:14:16 Loss1 0.00000221 Loss2 0.00000451 lr [0.000625].

Epoch: [47/100](46.65%) [400/612] Data 0.000 (0.018) Batch 0.005 (0.024) Remain 00:12:52 Loss1 0.00000180 Loss2 0.00001084 lr [0.000625].

Epoch: [47/100](46.74%) [450/612] Data 0.000 (0.016) Batch 0.006 (0.022) Remain 00:11:47 Loss1 0.00000279 Loss2 0.00001007 lr [0.000625].

Epoch: [47/100](46.82%) [500/612] Data 0.000 (0.015) Batch 0.006 (0.020) Remain 00:10:54 Loss1 0.00000362 Loss2 0.00000463 lr [0.000625].

Epoch: [47/100](46.90%) [550/612] Data 0.000 (0.013) Batch 0.007 (0.019) Remain 00:10:12 Loss1 0.00000983 Loss2 0.00001855 lr [0.000625].

Epoch: [47/100](46.98%) [600/612] Data 0.000 (0.012) Batch 0.006 (0.018) Remain 00:09:36 Loss1 0.00000711 Loss2 0.00001168 lr [0.000625].

Loss_train: 0.0000159743
Best loss: 1.5974346344296314e-05  Best Epoch: 47
Epoch: [48/100](47.08%) [50/612] Data 0.000 (0.143) Batch 0.006 (0.149) Remain 01:20:11 Loss1 0.00000458 Loss2 0.00000868 lr [0.000625].

Epoch: [48/100](47.16%) [100/612] Data 0.000 (0.072) Batch 0.006 (0.077) Remain 00:41:36 Loss1 0.00002362 Loss2 0.00000964 lr [0.000625].

Epoch: [48/100](47.25%) [150/612] Data 0.000 (0.048) Batch 0.005 (0.053) Remain 00:28:44 Loss1 0.00000175 Loss2 0.00000523 lr [0.000625].

Epoch: [48/100](47.33%) [200/612] Data 0.000 (0.036) Batch 0.006 (0.042) Remain 00:22:18 Loss1 0.00000316 Loss2 0.00000470 lr [0.000625].

Epoch: [48/100](47.41%) [250/612] Data 0.000 (0.029) Batch 0.006 (0.034) Remain 00:18:27 Loss1 0.00000373 Loss2 0.00001326 lr [0.000625].

Epoch: [48/100](47.49%) [300/612] Data 0.001 (0.024) Batch 0.006 (0.030) Remain 00:15:53 Loss1 0.00000609 Loss2 0.00001522 lr [0.000625].

Epoch: [48/100](47.57%) [350/612] Data 0.000 (0.021) Batch 0.006 (0.026) Remain 00:14:02 Loss1 0.00000347 Loss2 0.00000530 lr [0.000625].

Epoch: [48/100](47.65%) [400/612] Data 0.000 (0.018) Batch 0.005 (0.024) Remain 00:12:39 Loss1 0.00000731 Loss2 0.00000652 lr [0.000625].

Epoch: [48/100](47.74%) [450/612] Data 0.000 (0.016) Batch 0.006 (0.022) Remain 00:11:35 Loss1 0.00000153 Loss2 0.00000480 lr [0.000625].

Epoch: [48/100](47.82%) [500/612] Data 0.000 (0.015) Batch 0.006 (0.020) Remain 00:10:43 Loss1 0.00000248 Loss2 0.00000430 lr [0.000625].

Epoch: [48/100](47.90%) [550/612] Data 0.000 (0.013) Batch 0.005 (0.019) Remain 00:10:01 Loss1 0.00002441 Loss2 0.00000431 lr [0.000625].

Epoch: [48/100](47.98%) [600/612] Data 0.000 (0.012) Batch 0.005 (0.018) Remain 00:09:25 Loss1 0.00000156 Loss2 0.00000555 lr [0.000625].

Loss_train: 0.0000141916
Best loss: 1.4191562227327511e-05  Best Epoch: 48
Epoch: [49/100](48.08%) [50/612] Data 0.000 (0.142) Batch 0.006 (0.148) Remain 01:18:30 Loss1 0.00000205 Loss2 0.00000654 lr [0.000625].

Epoch: [49/100](48.16%) [100/612] Data 0.000 (0.071) Batch 0.006 (0.077) Remain 00:40:47 Loss1 0.00001522 Loss2 0.00000930 lr [0.000625].

Epoch: [49/100](48.25%) [150/612] Data 0.000 (0.048) Batch 0.006 (0.053) Remain 00:28:11 Loss1 0.00000583 Loss2 0.00000924 lr [0.000625].

Epoch: [49/100](48.33%) [200/612] Data 0.000 (0.036) Batch 0.005 (0.042) Remain 00:21:53 Loss1 0.00000270 Loss2 0.00000429 lr [0.000625].

Epoch: [49/100](48.41%) [250/612] Data 0.000 (0.029) Batch 0.006 (0.034) Remain 00:18:06 Loss1 0.00000181 Loss2 0.00000728 lr [0.000625].

Epoch: [49/100](48.49%) [300/612] Data 0.000 (0.024) Batch 0.005 (0.030) Remain 00:15:34 Loss1 0.00000242 Loss2 0.00000311 lr [0.000625].

Epoch: [49/100](48.57%) [350/612] Data 0.000 (0.021) Batch 0.006 (0.026) Remain 00:13:46 Loss1 0.00000782 Loss2 0.00000672 lr [0.000625].

Epoch: [49/100](48.65%) [400/612] Data 0.000 (0.018) Batch 0.006 (0.024) Remain 00:12:25 Loss1 0.00000296 Loss2 0.00000342 lr [0.000625].

Epoch: [49/100](48.74%) [450/612] Data 0.000 (0.016) Batch 0.006 (0.022) Remain 00:11:21 Loss1 0.00000746 Loss2 0.00000762 lr [0.000625].

Epoch: [49/100](48.82%) [500/612] Data 0.000 (0.015) Batch 0.005 (0.020) Remain 00:10:31 Loss1 0.00000318 Loss2 0.00000488 lr [0.000625].

Epoch: [49/100](48.90%) [550/612] Data 0.000 (0.013) Batch 0.006 (0.019) Remain 00:09:49 Loss1 0.00000430 Loss2 0.00000480 lr [0.000625].

Epoch: [49/100](48.98%) [600/612] Data 0.000 (0.012) Batch 0.006 (0.018) Remain 00:09:15 Loss1 0.00000521 Loss2 0.00000480 lr [0.000625].

Loss_train: 0.0000113145
Best loss: 1.1314545707800404e-05  Best Epoch: 49
Epoch: [50/100](49.08%) [50/612] Data 0.000 (0.143) Batch 0.006 (0.148) Remain 01:17:03 Loss1 0.00000116 Loss2 0.00000621 lr [0.000625].

Epoch: [50/100](49.16%) [100/612] Data 0.000 (0.071) Batch 0.006 (0.077) Remain 00:40:01 Loss1 0.00000438 Loss2 0.00000411 lr [0.000625].

Epoch: [50/100](49.25%) [150/612] Data 0.000 (0.048) Batch 0.006 (0.053) Remain 00:27:39 Loss1 0.00000540 Loss2 0.00002980 lr [0.000625].

Epoch: [50/100](49.33%) [200/612] Data 0.000 (0.036) Batch 0.006 (0.042) Remain 00:21:28 Loss1 0.00000353 Loss2 0.00001237 lr [0.000625].

Epoch: [50/100](49.41%) [250/612] Data 0.000 (0.029) Batch 0.006 (0.034) Remain 00:17:44 Loss1 0.00000257 Loss2 0.00000734 lr [0.000625].

Epoch: [50/100](49.49%) [300/612] Data 0.000 (0.024) Batch 0.007 (0.030) Remain 00:15:16 Loss1 0.00000192 Loss2 0.00000264 lr [0.000625].

Epoch: [50/100](49.57%) [350/612] Data 0.000 (0.021) Batch 0.005 (0.026) Remain 00:13:29 Loss1 0.00000182 Loss2 0.00000506 lr [0.000625].

Epoch: [50/100](49.65%) [400/612] Data 0.000 (0.018) Batch 0.005 (0.024) Remain 00:12:10 Loss1 0.00000117 Loss2 0.00000624 lr [0.000625].

Epoch: [50/100](49.74%) [450/612] Data 0.000 (0.016) Batch 0.007 (0.022) Remain 00:11:08 Loss1 0.00000227 Loss2 0.00000635 lr [0.000625].

Epoch: [50/100](49.82%) [500/612] Data 0.000 (0.015) Batch 0.006 (0.020) Remain 00:10:18 Loss1 0.00000176 Loss2 0.00000477 lr [0.000625].

Epoch: [50/100](49.90%) [550/612] Data 0.000 (0.013) Batch 0.006 (0.019) Remain 00:09:37 Loss1 0.00000234 Loss2 0.00000534 lr [0.000625].

Epoch: [50/100](49.98%) [600/612] Data 0.000 (0.012) Batch 0.006 (0.018) Remain 00:09:03 Loss1 0.00000383 Loss2 0.00000776 lr [0.000625].

Loss_train: 0.0000199081
Best loss: 1.1314545707800404e-05  Best Epoch: 49
Epoch: [51/100](50.08%) [50/612] Data 0.000 (0.142) Batch 0.006 (0.148) Remain 01:15:24 Loss1 0.00000146 Loss2 0.00001100 lr [0.0003125].

Epoch: [51/100](50.16%) [100/612] Data 0.000 (0.071) Batch 0.006 (0.077) Remain 00:39:07 Loss1 0.00001004 Loss2 0.00000502 lr [0.0003125].

Epoch: [51/100](50.25%) [150/612] Data 0.000 (0.048) Batch 0.005 (0.053) Remain 00:27:01 Loss1 0.00000256 Loss2 0.00000793 lr [0.0003125].

Epoch: [51/100](50.33%) [200/612] Data 0.000 (0.036) Batch 0.009 (0.041) Remain 00:20:58 Loss1 0.00000092 Loss2 0.00000339 lr [0.0003125].

Epoch: [51/100](50.41%) [250/612] Data 0.000 (0.029) Batch 0.005 (0.034) Remain 00:17:20 Loss1 0.00000831 Loss2 0.00000679 lr [0.0003125].

Epoch: [51/100](50.49%) [300/612] Data 0.000 (0.024) Batch 0.006 (0.030) Remain 00:14:55 Loss1 0.00000176 Loss2 0.00002019 lr [0.0003125].

Epoch: [51/100](50.57%) [350/612] Data 0.000 (0.021) Batch 0.006 (0.026) Remain 00:13:11 Loss1 0.00000270 Loss2 0.00000520 lr [0.0003125].

Epoch: [51/100](50.65%) [400/612] Data 0.000 (0.018) Batch 0.007 (0.024) Remain 00:11:53 Loss1 0.00000241 Loss2 0.00000544 lr [0.0003125].

Epoch: [51/100](50.74%) [450/612] Data 0.000 (0.016) Batch 0.006 (0.022) Remain 00:10:53 Loss1 0.00000188 Loss2 0.00000544 lr [0.0003125].

Epoch: [51/100](50.82%) [500/612] Data 0.000 (0.015) Batch 0.005 (0.020) Remain 00:10:04 Loss1 0.00000163 Loss2 0.00000542 lr [0.0003125].

Epoch: [51/100](50.90%) [550/612] Data 0.000 (0.013) Batch 0.006 (0.019) Remain 00:09:25 Loss1 0.00000196 Loss2 0.00000834 lr [0.0003125].

Epoch: [51/100](50.98%) [600/612] Data 0.000 (0.012) Batch 0.007 (0.018) Remain 00:08:51 Loss1 0.00000666 Loss2 0.00001261 lr [0.0003125].

Loss_train: 0.0000131344
Best loss: 1.1314545707800404e-05  Best Epoch: 49
Epoch: [52/100](51.08%) [50/612] Data 0.000 (0.142) Batch 0.006 (0.148) Remain 01:13:56 Loss1 0.00000101 Loss2 0.00000515 lr [0.0003125].

Epoch: [52/100](51.16%) [100/612] Data 0.000 (0.071) Batch 0.006 (0.077) Remain 00:38:22 Loss1 0.00000261 Loss2 0.00000433 lr [0.0003125].

Epoch: [52/100](51.25%) [150/612] Data 0.000 (0.048) Batch 0.007 (0.053) Remain 00:26:31 Loss1 0.00000248 Loss2 0.00000532 lr [0.0003125].

Epoch: [52/100](51.33%) [200/612] Data 0.000 (0.036) Batch 0.006 (0.041) Remain 00:20:35 Loss1 0.00000096 Loss2 0.00000538 lr [0.0003125].

Epoch: [52/100](51.41%) [250/612] Data 0.000 (0.029) Batch 0.006 (0.034) Remain 00:17:01 Loss1 0.00000225 Loss2 0.00000913 lr [0.0003125].

Epoch: [52/100](51.49%) [300/612] Data 0.000 (0.024) Batch 0.006 (0.030) Remain 00:14:38 Loss1 0.00001037 Loss2 0.00000365 lr [0.0003125].

Epoch: [52/100](51.57%) [350/612] Data 0.000 (0.021) Batch 0.007 (0.026) Remain 00:12:56 Loss1 0.00000331 Loss2 0.00000706 lr [0.0003125].

Epoch: [52/100](51.65%) [400/612] Data 0.000 (0.018) Batch 0.005 (0.024) Remain 00:11:40 Loss1 0.00000363 Loss2 0.00000836 lr [0.0003125].

Epoch: [52/100](51.74%) [450/612] Data 0.000 (0.016) Batch 0.006 (0.022) Remain 00:10:40 Loss1 0.00000550 Loss2 0.00000622 lr [0.0003125].

Epoch: [52/100](51.82%) [500/612] Data 0.000 (0.015) Batch 0.006 (0.020) Remain 00:09:52 Loss1 0.00000374 Loss2 0.00000465 lr [0.0003125].

Epoch: [52/100](51.90%) [550/612] Data 0.000 (0.013) Batch 0.006 (0.019) Remain 00:09:13 Loss1 0.00000280 Loss2 0.00000619 lr [0.0003125].

Epoch: [52/100](51.98%) [600/612] Data 0.000 (0.012) Batch 0.006 (0.018) Remain 00:08:40 Loss1 0.00000347 Loss2 0.00000385 lr [0.0003125].

Loss_train: 0.0000112759
Best loss: 1.127592028470805e-05  Best Epoch: 52
